

Microchip MPLAB XC8 Assembler V2.45 build 20230818022343 
                                                                                                           Thu Oct 19 04:00:23 2023


     1                           	processor	18F4520
     2                           	pagewidth 132
     3                           	opt	flic
     4                           	psect	udata_acs,global,class=COMRAM,space=1,delta=1,lowdata,noexec
     5                           	psect	udata_bank0,global,class=BANK0,space=1,delta=1,lowdata,noexec
     6                           	psect	udata_bank1,global,class=BANK1,space=1,delta=1,lowdata,noexec
     7                           	psect	udata_bank2,global,class=BANK2,space=1,delta=1,lowdata,noexec
     8                           	psect	udata_bank3,global,class=BANK3,space=1,delta=1,lowdata,noexec
     9                           	psect	udata_bank4,global,class=BANK4,space=1,delta=1,lowdata,noexec
    10                           	psect	udata_bank5,global,class=BANK5,space=1,delta=1,lowdata,noexec
    11                           	psect	udata,global,class=RAM,space=1,delta=1,noexec
    12                           	psect	code,global,reloc=2,class=CODE,delta=1
    13                           	psect	data,global,reloc=2,class=CONST,delta=1,noexec
    14                           	psect	edata,global,class=EEDATA,space=3,delta=1,noexec
    15                           	psect	mytext,local,reloc=2,class=CODE,delta=1
    16   000000                     
    17                           	psect	edata
    18   000000                     stk_offset	set	0
    19   000000                     auto_size	set	0
    20                           
    21                           ; stack_auto defines a symbol /name/_offset which equates to the
    22                           ; stack offset of the auto object in question
    23   000000                     
    24                           ; stack_param defines a symbol /name/_offset which equates to the
    25                           ; stack offset of the parameter object in question
    26   000000                     
    27                           ; alloc_stack adjusts the SP to allocate space for auto objects
    28                           ; it also links in to the btemp symbol so that can be used
    29   000000                     
    30                           ; restore_stack adjusts the SP to remove all auto and parameter
    31                           ; objects from the stack prior to returning from a function
    32   000000                     
    33                           	psect	mytext
    34   00071C                     _add:
    35                           	callstack 0
    36   00071C  C001 FF8C          	movff	1,3980
    37   000720  C003 FF8B          	movff	3,3979
    38   000724  CF8C FFE8          	movff	3980,wreg
    39   000728  2403               	addwf	3,w,c
    40   00072A  CFE8 F001          	movff	wreg,1
    41   00072E  0012               	return	
    42                           tosu	equ	0xFFF
    43                           tosh	equ	0xFFE
    44                           tosl	equ	0xFFD
    45                           stkptr	equ	0xFFC
    46                           pclatu	equ	0xFFB
    47                           pclath	equ	0xFFA
    48                           pcl	equ	0xFF9
    49                           tblptru	equ	0xFF8
    50                           tblptrh	equ	0xFF7
    51                           tblptrl	equ	0xFF6
    52                           tablat	equ	0xFF5
    53                           prodh	equ	0xFF4
    54                           prodl	equ	0xFF3
    55                           indf0	equ	0xFEF
    56                           postinc0	equ	0xFEE
    57                           postdec0	equ	0xFED
    58                           preinc0	equ	0xFEC
    59                           plusw0	equ	0xFEB
    60                           fsr0h	equ	0xFEA
    61                           fsr0l	equ	0xFE9
    62                           wreg	equ	0xFE8
    63                           indf1	equ	0xFE7
    64                           postinc1	equ	0xFE6
    65                           postdec1	equ	0xFE5
    66                           preinc1	equ	0xFE4
    67                           plusw1	equ	0xFE3
    68                           fsr1h	equ	0xFE2
    69                           fsr1l	equ	0xFE1
    70                           bsr	equ	0xFE0
    71                           indf2	equ	0xFDF
    72                           postinc2	equ	0xFDE
    73                           postdec2	equ	0xFDD
    74                           preinc2	equ	0xFDC
    75                           plusw2	equ	0xFDB
    76                           fsr2h	equ	0xFDA
    77                           fsr2l	equ	0xFD9
    78                           status	equ	0xFD8


Microchip Technology PIC18 Macro Assembler V2.45 build 20230818022343 
Symbol Table                                                                                               Thu Oct 19 04:00:23 2023

                        LATC 0F8B                          LATD 0F8C                          WREG 0FE8  
                        _add 071C                       isa$std 0001                     isa$xinst 0000  
