

Microchip MPLAB XC8 Assembler V2.45 build 20230818022343 
                                                                                               Thu Nov 30 00:11:56 2023

Microchip MPLAB XC8 C Compiler v2.45 (Free license) build 20230818022343 Og1 
     1                           	processor	18F4520
     2                           	fnconf	rparam,??,?,0
     3                           	pagewidth 120
     4                           	opt	flic
     5                           	psect	cinit,global,reloc=2,class=CODE,delta=1
     6                           	psect	bssCOMRAM,global,class=COMRAM,space=1,delta=1,lowdata,noexec
     7                           	psect	cstackCOMRAM,global,class=COMRAM,space=1,delta=1,lowdata,noexec
     8                           	psect	text0,global,reloc=2,class=CODE,delta=1
     9                           	psect	intcode,global,reloc=2,class=CODE,delta=1
    10                           	psect	intcode_body,global,reloc=2,class=CODE,delta=1
    11                           	psect	smallconst,global,reloc=2,class=SMALLCONST,delta=1,noexec
    12                           	psect	intsave_regs,global,class=BIGRAM,space=1,delta=1,noexec
    13                           	psect	rparam,global,class=COMRAM,space=1,delta=1,noexec
    14                           	psect	temp,global,ovrld,common,class=COMRAM,space=1,delta=1
    15                           	psect	idloc,global,abs,ovrld,class=IDLOC,space=5,delta=1,noexec
    16                           	psect	config,global,abs,ovrld,class=CONFIG,space=4,delta=1,noexec
    17   000000                     
    18                           ; Generated 18/08/2023 GMT
    19                           ; 
    20                           ; Copyright © 2023, Microchip Technology Inc. and its subsidiaries ("Microchip")
    21                           ; All rights reserved.
    22                           ; 
    23                           ; This software is developed by Microchip Technology Inc. and its subsidiaries ("Microch
      +                          ip").
    24                           ; 
    25                           ; Redistribution and use in source and binary forms, with or without modification, are
    26                           ; permitted provided that the following conditions are met:
    27                           ; 
    28                           ;     1. Redistributions of source code must retain the above copyright notice, this lis
      +                          t of
    29                           ;        conditions and the following disclaimer.
    30                           ; 
    31                           ;     2. Redistributions in binary form must reproduce the above copyright notice, this 
      +                          list
    32                           ;        of conditions and the following disclaimer in the documentation and/or other
    33                           ;        materials provided with the distribution. Publication is not required when
    34                           ;        this file is used in an embedded application.
    35                           ; 
    36                           ;     3. Microchip's name may not be used to endorse or promote products derived from th
      +                          is
    37                           ;        software without specific prior written permission.
    38                           ; 
    39                           ; THIS SOFTWARE IS PROVIDED BY MICROCHIP "AS IS" AND ANY EXPRESS OR IMPLIED WARRANTIES,
    40                           ; INCLUDING, BUT NOT LIMITED TO, THE IMPLIED WARRANTIES OF MERCHANTABILITY AND FITNESS F
      +                          OR
    41                           ; PURPOSE ARE DISCLAIMED.  IN NO EVENT SHALL MICROCHIP BE LIABLE FOR ANY DIRECT, INDIREC
      +                          T,
    42                           ; INCIDENTAL, SPECIAL, EXEMPLARY, OR CONSEQUENTIAL DAMAGES (INCLUDING BUT NOT LIMITED TO
    43                           ; PROCUREMENT OF SUBSTITUTE GOODS OR SERVICES; LOSS OF USE, DATA OR PROFITS; OR BUSINESS
    44                           ; INTERRUPTION) HOWSOEVER CAUSED AND ON ANY THEORY OF LIABILITY, WHETHER IN CONTRACT, ST
      +                          RICT
    45                           ; LIABILITY, OR TORT (INCLUDING NEGLIGENCE OR OTHERWISE) ARISING IN ANY WAY OUT OF THE U
      +                          SE OF
    46                           ; THIS SOFTWARE, EVEN IF ADVISED OF THE POSSIBILITY OF SUCH DAMAGE.
    47                           ; 
    48                           ; 
    49                           ; Code-generator required, PIC18F4520 Definitions
    50                           ; 
    51                           ; SFR Addresses
    52   000000                     _PORTBbits	set	3969
    53   000000                     _TRISBbits	set	3987
    54   000000                     _CCP1CONbits	set	4029
    55   000000                     _ADCON1	set	4033
    56   000000                     _INTCONbits	set	4082
    57   000000                     _T2CONbits	set	4042
    58   000000                     _RCONbits	set	4048
    59   000000                     _OSCCONbits	set	4051
    60   000000                     _TRISC	set	3988
    61   000000                     _LATC	set	3979
    62   000000                     _PR2	set	4043
    63   000000                     _CCPR1L	set	4030
    64                           
    65                           ; #config settings
    66                           
    67                           	psect	cinit
    68   00077C                     __pcinit:
    69                           	callstack 0
    70   00077C                     start_initialization:
    71                           	callstack 0
    72   00077C                     __initialization:
    73                           	callstack 0
    74                           
    75                           ; Clear objects allocated to COMRAM (1 bytes)
    76   00077C  6A06               	clrf	__pbssCOMRAM& (0+255),c
    77   00077E                     end_of_initialization:
    78                           	callstack 0
    79   00077E                     __end_of__initialization:
    80                           	callstack 0
    81   00077E  9007               	bcf	int$flags,0,c	;clear compiler interrupt flag (level 1)
    82   000780  9207               	bcf	int$flags,1,c	;clear compiler interrupt flag (level 2)
    83   000782  0100               	movlb	0
    84   000784  EF01  F003         	goto	_main	;jump to C main() function
    85                           
    86                           	psect	bssCOMRAM
    87   000006                     __pbssCOMRAM:
    88                           	callstack 0
    89   000006                     _pressed:
    90                           	callstack 0
    91   000006                     	ds	1
    92                           
    93                           	psect	cstackCOMRAM
    94   000001                     __pcstackCOMRAM:
    95                           	callstack 0
    96   000001                     ??_main:
    97                           
    98                           ; 1 bytes @ 0x0
    99   000001                     	ds	2
   100   000003                     main@i:
   101                           	callstack 0
   102                           
   103                           ; 1 bytes @ 0x2
   104   000003                     	ds	1
   105   000004                     main@i_423:
   106                           	callstack 0
   107                           
   108                           ; 1 bytes @ 0x3
   109   000004                     	ds	1
   110   000005                     main@i_424:
   111                           	callstack 0
   112                           
   113                           ; 1 bytes @ 0x4
   114   000005                     	ds	1
   115                           
   116 ;;
   117 ;;Main: autosize = 0, tempsize = 2, incstack = 0, save=0
   118 ;;
   119 ;; *************** function _main *****************
   120 ;; Defined at:
   121 ;;		line 68 in file "Lab8_3.c"
   122 ;; Parameters:    Size  Location     Type
   123 ;;		None
   124 ;; Auto vars:     Size  Location     Type
   125 ;;  i               1    4[COMRAM] unsigned char 
   126 ;;  i               1    2[COMRAM] unsigned char 
   127 ;;  i               1    3[COMRAM] unsigned char 
   128 ;; Return value:  Size  Location     Type
   129 ;;                  1    wreg      void 
   130 ;; Registers used:
   131 ;;		wreg, status,2, status,0
   132 ;; Tracked objects:
   133 ;;		On entry : 0/0
   134 ;;		On exit  : 0/0
   135 ;;		Unchanged: 0/0
   136 ;; Data sizes:     COMRAM   BANK0   BANK1   BANK2   BANK3   BANK4   BANK5
   137 ;;      Params:         0       0       0       0       0       0       0
   138 ;;      Locals:         3       0       0       0       0       0       0
   139 ;;      Temps:          2       0       0       0       0       0       0
   140 ;;      Totals:         5       0       0       0       0       0       0
   141 ;;Total ram usage:        5 bytes
   142 ;; Hardware stack levels required when called: 1
   143 ;; This function calls:
   144 ;;		Nothing
   145 ;; This function is called by:
   146 ;;		Startup code after reset
   147 ;; This function uses a non-reentrant model
   148 ;;
   149                           
   150                           	psect	text0
   151   000602                     __ptext0:
   152                           	callstack 0
   153   000602                     _main:
   154                           	callstack 30
   155   000602                     
   156                           ;Lab8_3.c: 70:     ADCON1 = 0x0f;
   157   000602  0E0F               	movlw	15
   158   000604  6EC1               	movwf	193,c	;volatile
   159   000606                     
   160                           ;Lab8_3.c: 72:     RCONbits.IPEN = 0;
   161   000606  9ED0               	bcf	208,7,c	;volatile
   162   000608                     
   163                           ;Lab8_3.c: 74:     INTCONbits.INT0E = 1;
   164   000608  88F2               	bsf	242,4,c	;volatile
   165   00060A                     
   166                           ;Lab8_3.c: 75:     INTCONbits.INT0F = 0;
   167   00060A  92F2               	bcf	242,1,c	;volatile
   168   00060C                     
   169                           ;Lab8_3.c: 76:     INTCONbits.GIE = 1;
   170   00060C  8EF2               	bsf	242,7,c	;volatile
   171   00060E                     
   172                           ;Lab8_3.c: 79:     TRISBbits.RB0 = 1;
   173   00060E  8093               	bsf	147,0,c	;volatile
   174   000610                     
   175                           ;Lab8_3.c: 80:     PORTBbits.RB0 = 0;
   176   000610  9081               	bcf	129,0,c	;volatile
   177   000612                     
   178                           ;Lab8_3.c: 83:     T2CONbits.TMR2ON = 0b1;
   179   000612  84CA               	bsf	202,2,c	;volatile
   180                           
   181                           ;Lab8_3.c: 84:     T2CONbits.T2CKPS = 0b01;
   182   000614  50CA               	movf	202,w,c	;volatile
   183   000616  0BFC               	andlw	-4
   184   000618  0901               	iorlw	1
   185   00061A  6ECA               	movwf	202,c	;volatile
   186                           
   187                           ;Lab8_3.c: 87:     OSCCONbits.IRCF = 0b001;
   188   00061C  50D3               	movf	211,w,c	;volatile
   189   00061E  0B8F               	andlw	-113
   190   000620  0910               	iorlw	16
   191   000622  6ED3               	movwf	211,c	;volatile
   192                           
   193                           ;Lab8_3.c: 90:     CCP1CONbits.CCP1M = 0b1100;
   194   000624  50BD               	movf	189,w,c	;volatile
   195   000626  0BF0               	andlw	-16
   196   000628  090C               	iorlw	12
   197   00062A  6EBD               	movwf	189,c	;volatile
   198                           
   199                           ;Lab8_3.c: 93:     TRISC = 0;
   200   00062C  0E00               	movlw	0
   201   00062E  6E94               	movwf	148,c	;volatile
   202                           
   203                           ;Lab8_3.c: 94:     LATC = 0;
   204   000630  0E00               	movlw	0
   205   000632  6E8B               	movwf	139,c	;volatile
   206                           
   207                           ;Lab8_3.c: 103:     PR2 = 0x9b;
   208   000634  0E9B               	movlw	155
   209   000636  6ECB               	movwf	203,c	;volatile
   210                           
   211                           ;Lab8_3.c: 111:     CCPR1L = 0x04;
   212   000638  0E04               	movlw	4
   213   00063A  6EBE               	movwf	190,c	;volatile
   214                           
   215                           ;Lab8_3.c: 112:     CCP1CONbits.DC1B = 0b00;
   216   00063C  0ECF               	movlw	-49
   217   00063E  16BD               	andwf	189,f,c	;volatile
   218                           
   219                           ;Lab8_3.c: 114:     pressed = 0;
   220   000640  0E00               	movlw	0
   221   000642  6E06               	movwf	_pressed^0,c
   222   000644                     l37:
   223                           
   224                           ;Lab8_3.c: 118:         if(pressed){
   225   000644  5006               	movf	_pressed^0,w,c
   226   000646  B4D8               	btfsc	status,2,c
   227   000648  EF28  F003         	goto	u21
   228   00064C  EF2A  F003         	goto	u20
   229   000650                     u21:
   230   000650  EF22  F003         	goto	l37
   231   000654                     u20:
   232   000654                     l757:
   233                           
   234                           ;Lab8_3.c: 122:                 if(CCPR1L >= 0x12 && CCP1CONbits.DC1B == 0b11) break;
   235   000654  0E11               	movlw	17
   236   000656  64BE               	cpfsgt	190,c	;volatile
   237   000658  EF30  F003         	goto	u31
   238   00065C  EF32  F003         	goto	u30
   239   000660                     u31:
   240   000660  EF3E  F003         	goto	l763
   241   000664                     u30:
   242   000664  38BD               	swapf	189,w,c	;volatile
   243   000666  0B03               	andlw	3
   244   000668  0A03               	xorlw	3
   245   00066A  A4D8               	btfss	status,2,c
   246   00066C  EF3A  F003         	goto	u41
   247   000670  EF3C  F003         	goto	u40
   248   000674                     u41:
   249   000674  EF3E  F003         	goto	l763
   250   000678                     u40:
   251   000678  EF67  F003         	goto	l781
   252   00067C                     l763:
   253                           
   254                           ;Lab8_3.c: 124:                 if(CCP1CONbits.DC1B == 0b11){
   255   00067C  38BD               	swapf	189,w,c	;volatile
   256   00067E  0B03               	andlw	3
   257   000680  0A03               	xorlw	3
   258   000682  A4D8               	btfss	status,2,c
   259   000684  EF46  F003         	goto	u51
   260   000688  EF48  F003         	goto	u50
   261   00068C                     u51:
   262   00068C  EF4D  F003         	goto	l769
   263   000690                     u50:
   264   000690                     
   265                           ;Lab8_3.c: 125:                     CCP1CONbits.DC1B = 0b00;
   266   000690  0ECF               	movlw	-49
   267   000692  16BD               	andwf	189,f,c	;volatile
   268   000694                     
   269                           ;Lab8_3.c: 126:                     CCPR1L++;
   270   000694  2ABE               	incf	190,f,c	;volatile
   271                           
   272                           ;Lab8_3.c: 127:                 }else{
   273   000696  EF5A  F003         	goto	l771
   274   00069A                     l769:
   275                           
   276                           ;Lab8_3.c: 128:                     CCP1CONbits.DC1B++;
   277   00069A  0E01               	movlw	1
   278   00069C  6E01               	movwf	??_main^0,c
   279   00069E  38BD               	swapf	189,w,c	;volatile
   280   0006A0  0B03               	andlw	3
   281   0006A2  6E02               	movwf	(??_main+1)^0,c
   282   0006A4  5001               	movf	??_main^0,w,c
   283   0006A6  2602               	addwf	(??_main+1)^0,f,c
   284   0006A8  3A02               	swapf	(??_main+1)^0,f,c
   285   0006AA  50BD               	movf	189,w,c	;volatile
   286   0006AC  1802               	xorwf	(??_main+1)^0,w,c
   287   0006AE  0BCF               	andlw	-49
   288   0006B0  1802               	xorwf	(??_main+1)^0,w,c
   289   0006B2  6EBD               	movwf	189,c	;volatile
   290   0006B4                     l771:
   291                           
   292                           ;Lab8_3.c: 131:                 for(unsigned char i = 0; i < 122;i++);
   293   0006B4  0E00               	movlw	0
   294   0006B6  6E03               	movwf	main@i^0,c
   295   0006B8                     l777:
   296   0006B8  2A03               	incf	main@i^0,f,c
   297   0006BA  0E79               	movlw	121
   298   0006BC  6403               	cpfsgt	main@i^0,c
   299   0006BE  EF63  F003         	goto	u61
   300   0006C2  EF65  F003         	goto	u60
   301   0006C6                     u61:
   302   0006C6  EF5C  F003         	goto	l777
   303   0006CA                     u60:
   304   0006CA  EF2A  F003         	goto	l757
   305   0006CE                     l781:
   306                           
   307                           ;Lab8_3.c: 134:             for(unsigned char i = 0; i < 255;i++);
   308   0006CE  0E00               	movlw	0
   309   0006D0  6E04               	movwf	main@i_423^0,c
   310   0006D2                     l787:
   311   0006D2  2A04               	incf	main@i_423^0,f,c
   312   0006D4  2804               	incf	main@i_423^0,w,c
   313   0006D6  A4D8               	btfss	status,2,c
   314   0006D8  EF70  F003         	goto	u71
   315   0006DC  EF72  F003         	goto	u70
   316   0006E0                     u71:
   317   0006E0  EF69  F003         	goto	l787
   318   0006E4                     u70:
   319   0006E4                     l791:
   320                           
   321                           ;Lab8_3.c: 138:                 if(CCPR1L <= 0x04 && CCP1CONbits.DC1B == 0b00) break;
   322   0006E4  0E05               	movlw	5
   323   0006E6  60BE               	cpfslt	190,c	;volatile
   324   0006E8  EF78  F003         	goto	u81
   325   0006EC  EF7A  F003         	goto	u80
   326   0006F0                     u81:
   327   0006F0  EF86  F003         	goto	l797
   328   0006F4                     u80:
   329   0006F4  38BD               	swapf	189,w,c	;volatile
   330   0006F6  0B03               	andlw	3
   331   0006F8  0900               	iorlw	0
   332   0006FA  A4D8               	btfss	status,2,c
   333   0006FC  EF82  F003         	goto	u91
   334   000700  EF84  F003         	goto	u90
   335   000704                     u91:
   336   000704  EF86  F003         	goto	l797
   337   000708                     u90:
   338   000708  EF22  F003         	goto	l37
   339   00070C                     l797:
   340                           
   341                           ;Lab8_3.c: 140:                 if(CCP1CONbits.DC1B == 0b00){
   342   00070C  38BD               	swapf	189,w,c	;volatile
   343   00070E  0B03               	andlw	3
   344   000710  0900               	iorlw	0
   345   000712  A4D8               	btfss	status,2,c
   346   000714  EF8E  F003         	goto	u101
   347   000718  EF90  F003         	goto	u100
   348   00071C                     u101:
   349   00071C  EF95  F003         	goto	l803
   350   000720                     u100:
   351   000720                     
   352                           ;Lab8_3.c: 141:                     CCP1CONbits.DC1B = 0b11;
   353   000720  0E30               	movlw	48
   354   000722  12BD               	iorwf	189,f,c	;volatile
   355   000724                     
   356                           ;Lab8_3.c: 142:                     CCPR1L--;
   357   000724  06BE               	decf	190,f,c	;volatile
   358                           
   359                           ;Lab8_3.c: 143:                 }else{
   360   000726  EFA2  F003         	goto	l805
   361   00072A                     l803:
   362                           
   363                           ;Lab8_3.c: 144:                     CCP1CONbits.DC1B--;
   364   00072A  0E01               	movlw	1
   365   00072C  6E01               	movwf	??_main^0,c
   366   00072E  38BD               	swapf	189,w,c	;volatile
   367   000730  0B03               	andlw	3
   368   000732  6E02               	movwf	(??_main+1)^0,c
   369   000734  5001               	movf	??_main^0,w,c
   370   000736  5E02               	subwf	(??_main+1)^0,f,c
   371   000738  3A02               	swapf	(??_main+1)^0,f,c
   372   00073A  50BD               	movf	189,w,c	;volatile
   373   00073C  1802               	xorwf	(??_main+1)^0,w,c
   374   00073E  0BCF               	andlw	-49
   375   000740  1802               	xorwf	(??_main+1)^0,w,c
   376   000742  6EBD               	movwf	189,c	;volatile
   377   000744                     l805:
   378                           
   379                           ;Lab8_3.c: 147:                 for(unsigned char i = 0; i < 122;i++);
   380   000744  0E00               	movlw	0
   381   000746  6E05               	movwf	main@i_424^0,c
   382   000748                     l811:
   383   000748  2A05               	incf	main@i_424^0,f,c
   384   00074A  0E79               	movlw	121
   385   00074C  6405               	cpfsgt	main@i_424^0,c
   386   00074E  EFAB  F003         	goto	u111
   387   000752  EFAD  F003         	goto	u110
   388   000756                     u111:
   389   000756  EFA4  F003         	goto	l811
   390   00075A                     u110:
   391   00075A  EF72  F003         	goto	l791
   392   00075E  EF07  F000         	goto	start
   393   000762                     __end_of_main:
   394                           	callstack 0
   395                           
   396 ;; *************** function _H_ISR *****************
   397 ;; Defined at:
   398 ;;		line 61 in file "Lab8_3.c"
   399 ;; Parameters:    Size  Location     Type
   400 ;;		None
   401 ;; Auto vars:     Size  Location     Type
   402 ;;		None
   403 ;; Return value:  Size  Location     Type
   404 ;;                  1    wreg      void 
   405 ;; Registers used:
   406 ;;		wreg, status,2
   407 ;; Tracked objects:
   408 ;;		On entry : 0/0
   409 ;;		On exit  : 0/0
   410 ;;		Unchanged: 0/0
   411 ;; Data sizes:     COMRAM   BANK0   BANK1   BANK2   BANK3   BANK4   BANK5
   412 ;;      Params:         0       0       0       0       0       0       0
   413 ;;      Locals:         0       0       0       0       0       0       0
   414 ;;      Temps:          0       0       0       0       0       0       0
   415 ;;      Totals:         0       0       0       0       0       0       0
   416 ;;Total ram usage:        0 bytes
   417 ;; Hardware stack levels used: 1
   418 ;; This function calls:
   419 ;;		Nothing
   420 ;; This function is called by:
   421 ;;		Interrupt level 2
   422 ;; This function uses a non-reentrant model
   423 ;;
   424                           
   425                           	psect	intcode
   426   000008                     __pintcode:
   427                           	callstack 0
   428   000008                     _H_ISR:
   429                           	callstack 30
   430                           
   431                           ;incstack = 0
   432   000008  8207               	bsf	int$flags,1,c	;set compiler interrupt flag (level 2)
   433   00000A  EDB1  F003         	call	int_func,f	;refresh shadow registers
   434                           
   435                           	psect	intcode_body
   436   000762                     __pintcode_body:
   437                           	callstack 30
   438   000762                     int_func:
   439                           	callstack 30
   440   000762  0006               	pop		; remove dummy address from shadow register refresh
   441   000764                     
   442                           ;Lab8_3.c: 62:     if(INTCONbits.INT0F == 1){
   443   000764  A2F2               	btfss	242,1,c	;volatile
   444   000766  EFB7  F003         	goto	i2u1_41
   445   00076A  EFB9  F003         	goto	i2u1_40
   446   00076E                     i2u1_41:
   447   00076E  EFBC  F003         	goto	i2l32
   448   000772                     i2u1_40:
   449   000772                     
   450                           ;Lab8_3.c: 63:         pressed = 1;
   451   000772  0E01               	movlw	1
   452   000774  6E06               	movwf	_pressed^0,c
   453   000776                     
   454                           ;Lab8_3.c: 64:         INTCONbits.INT0F = 0;
   455   000776  92F2               	bcf	242,1,c	;volatile
   456   000778                     i2l32:
   457   000778  9207               	bcf	int$flags,1,c	;clear compiler interrupt flag (level 2)
   458   00077A  0011               	retfie		f
   459   00077C                     __end_of_H_ISR:
   460                           	callstack 0
   461                           
   462                           	psect	smallconst
   463   000600                     __psmallconst:
   464                           	callstack 0
   465   000600  00                 	db	0
   466   000601  00                 	db	0	; dummy byte at the end
   467   000000                     
   468                           	psect	rparam
   469   000000                     
   470                           	psect	temp
   471   000007                     btemp:
   472                           	callstack 0
   473   000007                     	ds	1
   474   000000                     int$flags	set	btemp
   475   000000                     wtemp8	set	btemp+1
   476   000000                     ttemp5	set	btemp+1
   477   000000                     ttemp6	set	btemp+4
   478   000000                     ttemp7	set	btemp+8
   479                           
   480                           	psect	idloc
   481                           
   482                           ;Config register IDLOC0 @ 0x200000
   483                           ;	unspecified, using default values
   484   200000                     	org	2097152
   485   200000  FF                 	db	255
   486                           
   487                           ;Config register IDLOC1 @ 0x200001
   488                           ;	unspecified, using default values
   489   200001                     	org	2097153
   490   200001  FF                 	db	255
   491                           
   492                           ;Config register IDLOC2 @ 0x200002
   493                           ;	unspecified, using default values
   494   200002                     	org	2097154
   495   200002  FF                 	db	255
   496                           
   497                           ;Config register IDLOC3 @ 0x200003
   498                           ;	unspecified, using default values
   499   200003                     	org	2097155
   500   200003  FF                 	db	255
   501                           
   502                           ;Config register IDLOC4 @ 0x200004
   503                           ;	unspecified, using default values
   504   200004                     	org	2097156
   505   200004  FF                 	db	255
   506                           
   507                           ;Config register IDLOC5 @ 0x200005
   508                           ;	unspecified, using default values
   509   200005                     	org	2097157
   510   200005  FF                 	db	255
   511                           
   512                           ;Config register IDLOC6 @ 0x200006
   513                           ;	unspecified, using default values
   514   200006                     	org	2097158
   515   200006  FF                 	db	255
   516                           
   517                           ;Config register IDLOC7 @ 0x200007
   518                           ;	unspecified, using default values
   519   200007                     	org	2097159
   520   200007  FF                 	db	255
   521                           
   522                           	psect	config
   523                           
   524                           ; Padding undefined space
   525   300000                     	org	3145728
   526   300000  FF                 	db	255
   527                           
   528                           ;Config register CONFIG1H @ 0x300001
   529                           ;	Oscillator Selection bits
   530                           ;	OSC = INTIO67, Internal oscillator block, port function on RA6 and RA7
   531                           ;	Fail-Safe Clock Monitor Enable bit
   532                           ;	FCMEN = OFF, Fail-Safe Clock Monitor disabled
   533                           ;	Internal/External Oscillator Switchover bit
   534                           ;	IESO = OFF, Oscillator Switchover mode disabled
   535   300001                     	org	3145729
   536   300001  08                 	db	8
   537                           
   538                           ;Config register CONFIG2L @ 0x300002
   539                           ;	Power-up Timer Enable bit
   540                           ;	PWRT = OFF, PWRT disabled
   541                           ;	Brown-out Reset Enable bits
   542                           ;	BOREN = SBORDIS, Brown-out Reset enabled in hardware only (SBOREN is disabled)
   543                           ;	Brown Out Reset Voltage bits
   544                           ;	BORV = 3, Minimum setting
   545   300002                     	org	3145730
   546   300002  1F                 	db	31
   547                           
   548                           ;Config register CONFIG2H @ 0x300003
   549                           ;	Watchdog Timer Enable bit
   550                           ;	WDT = OFF, WDT disabled (control is placed on the SWDTEN bit)
   551                           ;	Watchdog Timer Postscale Select bits
   552                           ;	WDTPS = 32768, 1:32768
   553   300003                     	org	3145731
   554   300003  1E                 	db	30
   555                           
   556                           ; Padding undefined space
   557   300004                     	org	3145732
   558   300004  FF                 	db	255
   559                           
   560                           ;Config register CONFIG3H @ 0x300005
   561                           ;	CCP2 MUX bit
   562                           ;	CCP2MX = PORTC, CCP2 input/output is multiplexed with RC1
   563                           ;	PORTB A/D Enable bit
   564                           ;	PBADEN = ON, PORTB<4:0> pins are configured as analog input channels on Reset
   565                           ;	Low-Power Timer1 Oscillator Enable bit
   566                           ;	LPT1OSC = OFF, Timer1 configured for higher power operation
   567                           ;	MCLR Pin Enable bit
   568                           ;	MCLRE = ON, MCLR pin enabled; RE3 input pin disabled
   569   300005                     	org	3145733
   570   300005  83                 	db	131
   571                           
   572                           ;Config register CONFIG4L @ 0x300006
   573                           ;	Stack Full/Underflow Reset Enable bit
   574                           ;	STVREN = ON, Stack full/underflow will cause Reset
   575                           ;	Single-Supply ICSP Enable bit
   576                           ;	LVP = OFF, Single-Supply ICSP disabled
   577                           ;	Extended Instruction Set Enable bit
   578                           ;	XINST = OFF, Instruction set extension and Indexed Addressing mode disabled (Legacy mo
      +                          de)
   579                           ;	Background Debugger Enable bit
   580                           ;	DEBUG = 0x1, unprogrammed default
   581   300006                     	org	3145734
   582   300006  81                 	db	129
   583                           
   584                           ; Padding undefined space
   585   300007                     	org	3145735
   586   300007  FF                 	db	255
   587                           
   588                           ;Config register CONFIG5L @ 0x300008
   589                           ;	Code Protection bit
   590                           ;	CP0 = OFF, Block 0 (000800-001FFFh) not code-protected
   591                           ;	Code Protection bit
   592                           ;	CP1 = OFF, Block 1 (002000-003FFFh) not code-protected
   593                           ;	Code Protection bit
   594                           ;	CP2 = OFF, Block 2 (004000-005FFFh) not code-protected
   595                           ;	Code Protection bit
   596                           ;	CP3 = OFF, Block 3 (006000-007FFFh) not code-protected
   597   300008                     	org	3145736
   598   300008  0F                 	db	15
   599                           
   600                           ;Config register CONFIG5H @ 0x300009
   601                           ;	Boot Block Code Protection bit
   602                           ;	CPB = OFF, Boot block (000000-0007FFh) not code-protected
   603                           ;	Data EEPROM Code Protection bit
   604                           ;	CPD = OFF, Data EEPROM not code-protected
   605   300009                     	org	3145737
   606   300009  C0                 	db	192
   607                           
   608                           ;Config register CONFIG6L @ 0x30000A
   609                           ;	Write Protection bit
   610                           ;	WRT0 = OFF, Block 0 (000800-001FFFh) not write-protected
   611                           ;	Write Protection bit
   612                           ;	WRT1 = OFF, Block 1 (002000-003FFFh) not write-protected
   613                           ;	Write Protection bit
   614                           ;	WRT2 = OFF, Block 2 (004000-005FFFh) not write-protected
   615                           ;	Write Protection bit
   616                           ;	WRT3 = OFF, Block 3 (006000-007FFFh) not write-protected
   617   30000A                     	org	3145738
   618   30000A  0F                 	db	15
   619                           
   620                           ;Config register CONFIG6H @ 0x30000B
   621                           ;	Configuration Register Write Protection bit
   622                           ;	WRTC = OFF, Configuration registers (300000-3000FFh) not write-protected
   623                           ;	Boot Block Write Protection bit
   624                           ;	WRTB = OFF, Boot block (000000-0007FFh) not write-protected
   625                           ;	Data EEPROM Write Protection bit
   626                           ;	WRTD = OFF, Data EEPROM not write-protected
   627   30000B                     	org	3145739
   628   30000B  E0                 	db	224
   629                           
   630                           ;Config register CONFIG7L @ 0x30000C
   631                           ;	Table Read Protection bit
   632                           ;	EBTR0 = OFF, Block 0 (000800-001FFFh) not protected from table reads executed in other
      +                           blocks
   633                           ;	Table Read Protection bit
   634                           ;	EBTR1 = OFF, Block 1 (002000-003FFFh) not protected from table reads executed in other
      +                           blocks
   635                           ;	Table Read Protection bit
   636                           ;	EBTR2 = OFF, Block 2 (004000-005FFFh) not protected from table reads executed in other
      +                           blocks
   637                           ;	Table Read Protection bit
   638                           ;	EBTR3 = OFF, Block 3 (006000-007FFFh) not protected from table reads executed in other
      +                           blocks
   639   30000C                     	org	3145740
   640   30000C  0F                 	db	15
   641                           
   642                           ;Config register CONFIG7H @ 0x30000D
   643                           ;	Boot Block Table Read Protection bit
   644                           ;	EBTRB = OFF, Boot block (000000-0007FFh) not protected from table reads executed in ot
      +                          her blocks
   645   30000D                     	org	3145741
   646   30000D  40                 	db	64
   647                           tosu	equ	0xFFF
   648                           tosh	equ	0xFFE
   649                           tosl	equ	0xFFD
   650                           stkptr	equ	0xFFC
   651                           pclatu	equ	0xFFB
   652                           pclath	equ	0xFFA
   653                           pcl	equ	0xFF9
   654                           tblptru	equ	0xFF8
   655                           tblptrh	equ	0xFF7
   656                           tblptrl	equ	0xFF6
   657                           tablat	equ	0xFF5
   658                           prodh	equ	0xFF4
   659                           prodl	equ	0xFF3
   660                           indf0	equ	0xFEF
   661                           postinc0	equ	0xFEE
   662                           postdec0	equ	0xFED
   663                           preinc0	equ	0xFEC
   664                           plusw0	equ	0xFEB
   665                           fsr0h	equ	0xFEA
   666                           fsr0l	equ	0xFE9
   667                           wreg	equ	0xFE8
   668                           indf1	equ	0xFE7
   669                           postinc1	equ	0xFE6
   670                           postdec1	equ	0xFE5
   671                           preinc1	equ	0xFE4
   672                           plusw1	equ	0xFE3
   673                           fsr1h	equ	0xFE2
   674                           fsr1l	equ	0xFE1
   675                           bsr	equ	0xFE0
   676                           indf2	equ	0xFDF
   677                           postinc2	equ	0xFDE
   678                           postdec2	equ	0xFDD
   679                           preinc2	equ	0xFDC
   680                           plusw2	equ	0xFDB
   681                           fsr2h	equ	0xFDA
   682                           fsr2l	equ	0xFD9
   683                           status	equ	0xFD8

Data Sizes:
    Strings     0
    Constant    0
    Data        0
    BSS         1
    Persistent  0
    Stack       0

Auto Spaces:
    Space          Size  Autos    Used
    COMRAM          126      5       6
    BANK0           128      0       0
    BANK1           256      0       0
    BANK2           256      0       0
    BANK3           256      0       0
    BANK4           256      0       0
    BANK5           244      0       0

Pointer List with Targets:

    None.

Critical Paths under _main in COMRAM

    None.

Critical Paths under _H_ISR in COMRAM

    None.

Critical Paths under _main in BANK0

    None.

Critical Paths under _H_ISR in BANK0

    None.

Critical Paths under _main in BANK1

    None.

Critical Paths under _H_ISR in BANK1

    None.

Critical Paths under _main in BANK2

    None.

Critical Paths under _H_ISR in BANK2

    None.

Critical Paths under _main in BANK3

    None.

Critical Paths under _H_ISR in BANK3

    None.

Critical Paths under _main in BANK4

    None.

Critical Paths under _H_ISR in BANK4

    None.

Critical Paths under _main in BANK5

    None.

Critical Paths under _H_ISR in BANK5

    None.

Call Graph Tables:

 ---------------------------------------------------------------------------------
 (Depth) Function   	        Calls       Base Space   Used Autos Params    Refs
 ---------------------------------------------------------------------------------
 (0) _main                                                 5     5      0      90
                                              0 COMRAM     5     5      0
 ---------------------------------------------------------------------------------
 Estimated maximum stack depth 0
 ---------------------------------------------------------------------------------
 (Depth) Function   	        Calls       Base Space   Used Autos Params    Refs
 ---------------------------------------------------------------------------------
 (1) _H_ISR                                                0     0      0       0
 ---------------------------------------------------------------------------------
 Estimated maximum stack depth 1
 ---------------------------------------------------------------------------------

 Call Graph Graphs:

 _main (ROOT)

 _H_ISR (ROOT)

 Address spaces:
Name               Size   Autos  Total    Cost      Usage
BIGRAM             5F3      0       0      30        0.0%
EEDATA             100      0       0       0        0.0%
BITBANK4           100      0       0      11        0.0%
BANK4              100      0       0      12        0.0%
BITBANK3           100      0       0       9        0.0%
BANK3              100      0       0      10        0.0%
BITBANK2           100      0       0       7        0.0%
BANK2              100      0       0       8        0.0%
BITBANK1           100      0       0       5        0.0%
BANK1              100      0       0       6        0.0%
BITBANK5            F4      0       0      13        0.0%
BANK5               F4      0       0      14        0.0%
BITBANK0            80      0       0       3        0.0%
BANK0               80      0       0       4        0.0%
BITCOMRAM           7E      0       0       0        0.0%
COMRAM              7E      5       6       1        4.8%
BITBIGSFR_1ll       20      0       0      24        0.0%
BITBIGSFR_5h         A      0       0      15        0.0%
BITBIGSFRlhl         9      0       0      27        0.0%
BITBIGSFR_1hll       8      0       0      22        0.0%
BITBIGSFRlhh         7      0       0      26        0.0%
BITBIGSFRh           7      0       0      25        0.0%
BITBIGSFR_2          6      0       0      19        0.0%
BITBIGSFR_1hlh       4      0       0      21        0.0%
BITBIGSFR_4          3      0       0      17        0.0%
BITBIGSFR_3          3      0       0      18        0.0%
BITBIGSFR_1lh        2      0       0      23        0.0%
BITBIGSFR_1hh        2      0       0      20        0.0%
BITBIGSFR_5l         2      0       0      16        0.0%
BITBIGSFRll          1      0       0      28        0.0%
BIGSFR_5             0      0       0     200        0.0%
BIGSFR_4             0      0       0     200        0.0%
BIGSFR_3             0      0       0     200        0.0%
BIGSFR_2             0      0       0     200        0.0%
BIGSFR_1             0      0       0     200        0.0%
BIGSFR               0      0       0     200        0.0%
BITSFR_5             0      0       0     200        0.0%
SFR_5                0      0       0     200        0.0%
BITSFR_4             0      0       0     200        0.0%
SFR_4                0      0       0     200        0.0%
BITSFR_3             0      0       0     200        0.0%
SFR_3                0      0       0     200        0.0%
BITSFR_2             0      0       0     200        0.0%
SFR_2                0      0       0     200        0.0%
BITSFR_1             0      0       0     200        0.0%
SFR_1                0      0       0     200        0.0%
BITSFR               0      0       0     200        0.0%
SFR                  0      0       0     200        0.0%
STACK                0      0       0       2        0.0%
NULL                 0      0       0       0        0.0%
ABS                  0      0       6      29        0.0%
DATA                 0      0       6      31        0.0%
CODE                 0      0       0       0        0.0%


Microchip Technology PIC18 Macro Assembler V2.45 build 20230818022343 
Symbol Table                                                                                   Thu Nov 30 00:11:56 2023

                     l37 0644                       u20 0654                       u21 0650  
                     u30 0664                       u31 0660                       u40 0678  
                     u41 0674                       u50 0690                       u51 068C  
                     u60 06CA                       u61 06C6                       u70 06E4  
                     u71 06E0                       u80 06F4                       u81 06F0  
                     u90 0708                       u91 0704                      l801 0724  
                    l811 0748                      l803 072A                      l813 074A  
                    l805 0744                      l741 0602                      l751 060E  
                    l743 0606                      l753 0610                      l745 0608  
                    l771 06B4                      l763 067C                      l755 0612  
                    l747 060A                      l765 0690                      l781 06CE  
                    l757 0654                      l749 060C                      l791 06E4  
                    l767 0694                      l759 0664                      l793 06F4  
                    l777 06B8                      l769 069A                      l787 06D2  
                    l779 06BA                      l797 070C                      l789 06D4  
                    l799 0720                      u100 0720                      u101 071C  
                    u110 075A                      u111 0756                      _PR2 0FCB  
                   _LATC 0F8B                     i2l32 0778                     _main 0602  
                   btemp 0007                     start 000E             ___param_bank 0000  
                  ?_main 0001                    i2l735 0764                    i2l737 0772  
                  i2l739 0776                    _H_ISR 0008                    _TRISC 0F94  
                  main@i 0003                    ttemp5 0008                    ttemp6 000B  
                  ttemp7 000F                    status 0FD8                    wtemp8 0008  
        __initialization 077C             __end_of_main 0762                   ??_main 0001  
          __activetblptr 0000                   ?_H_ISR 0001                   _ADCON1 0FC1  
                 _CCPR1L 0FBE                   i2u1_40 0772                   i2u1_41 076E  
                 isa$std 0001             __mediumconst 0000               __accesstop 0080  
__end_of__initialization 077E            ___rparam_used 0001            __end_of_H_ISR 077C  
         __pcstackCOMRAM 0001                  ??_H_ISR 0001                  __Hparam 0000  
                __Lparam 0000             __psmallconst 0600                  __pcinit 077C  
                __ramtop 0600                  __ptext0 0602                _T2CONbits 0FCA  
                _pressed 0006           __pintcode_body 0762     end_of_initialization 077E  
                int_func 0762                _PORTBbits 0F81                _TRISBbits 0F93  
            _CCP1CONbits 0FBD      start_initialization 077C              __pbssCOMRAM 0006  
              __pintcode 0008              __smallconst 0600                 _RCONbits 0FD0  
              main@i_423 0004                main@i_424 0005                 __Hrparam 0000  
               __Lrparam 0000                 isa$xinst 0000                 int$flags 0007  
             _INTCONbits 0FF2                 intlevel2 0000               _OSCCONbits 0FD3  
