Warning[205] C:\USERS\KUANYI\MPLABXPROJECTS\LAB_6.X\LAB6_3.ASM 1 : Found directive in column 1. (LIST)
Warning[205] C:\USERS\KUANYI\MPLABXPROJECTS\LAB_6.X\LAB6_3.ASM 29 : Found directive in column 1. (endm)
Warning[207] C:\USERS\KUANYI\MPLABXPROJECTS\LAB_6.X\LAB6_3.ASM 32 : Found label after column 1. (L1)
Warning[207] C:\USERS\KUANYI\MPLABXPROJECTS\LAB_6.X\LAB6_3.ASM 33 : Found label after column 1. (L2)
Warning[207] C:\USERS\KUANYI\MPLABXPROJECTS\LAB_6.X\LAB6_3.ASM 34 : Found label after column 1. (Direction_Flag)
Warning[207] C:\USERS\KUANYI\MPLABXPROJECTS\LAB_6.X\LAB6_3.ASM 35 : Found label after column 1. (button_ISR_No_Conflict)
Warning[207] C:\USERS\KUANYI\MPLABXPROJECTS\LAB_6.X\LAB6_3.ASM 36 : Found label after column 1. (In_Checking)
Warning[207] C:\USERS\KUANYI\MPLABXPROJECTS\LAB_6.X\LAB6_3.ASM 58 : Found label after column 1. (end_ISR)
Warning[203] C:\USERS\KUANYI\MPLABXPROJECTS\LAB_6.X\LAB6_3.ASM 73 : Found opcode in column 1. (MOVLW)
Warning[203] C:\USERS\KUANYI\MPLABXPROJECTS\LAB_6.X\LAB6_3.ASM 74 : Found opcode in column 1. (MOVWF)
Warning[203] C:\USERS\KUANYI\MPLABXPROJECTS\LAB_6.X\LAB6_3.ASM 75 : Found opcode in column 1. (CLRF)
Warning[203] C:\USERS\KUANYI\MPLABXPROJECTS\LAB_6.X\LAB6_3.ASM 76 : Found opcode in column 1. (BSF)
Warning[203] C:\USERS\KUANYI\MPLABXPROJECTS\LAB_6.X\LAB6_3.ASM 77 : Found opcode in column 1. (CLRF)
Warning[203] C:\USERS\KUANYI\MPLABXPROJECTS\LAB_6.X\LAB6_3.ASM 80 : Found opcode in column 1. (BSF)
Warning[203] C:\USERS\KUANYI\MPLABXPROJECTS\LAB_6.X\LAB6_3.ASM 81 : Found opcode in column 1. (MOVLW)
Warning[203] C:\USERS\KUANYI\MPLABXPROJECTS\LAB_6.X\LAB6_3.ASM 82 : Found opcode in column 1. (MOVWF)
Warning[203] C:\USERS\KUANYI\MPLABXPROJECTS\LAB_6.X\LAB6_3.ASM 83 : Found opcode in column 1. (MOVLW)
Warning[203] C:\USERS\KUANYI\MPLABXPROJECTS\LAB_6.X\LAB6_3.ASM 84 : Found opcode in column 1. (MOVWF)
Warning[203] C:\USERS\KUANYI\MPLABXPROJECTS\LAB_6.X\LAB6_3.ASM 86 : Found opcode in column 1. (CLRF)
Warning[203] C:\USERS\KUANYI\MPLABXPROJECTS\LAB_6.X\LAB6_3.ASM 87 : Found opcode in column 1. (BSF)
Warning[203] C:\USERS\KUANYI\MPLABXPROJECTS\LAB_6.X\LAB6_3.ASM 88 : Found opcode in column 1. (CLRF)
Warning[203] C:\USERS\KUANYI\MPLABXPROJECTS\LAB_6.X\LAB6_3.ASM 89 : Found opcode in column 1. (CLRF)
Warning[203] C:\USERS\KUANYI\MPLABXPROJECTS\LAB_6.X\LAB6_3.ASM 90 : Found opcode in column 1. (BSF)
Warning[207] C:\USERS\KUANYI\MPLABXPROJECTS\LAB_6.X\LAB6_3.ASM 126 : Found label after column 1. (delay_routine_1)
Warning[207] C:\USERS\KUANYI\MPLABXPROJECTS\LAB_6.X\LAB6_3.ASM 15 : Found label after column 1. (LOOP2)
Warning[207] C:\USERS\KUANYI\MPLABXPROJECTS\LAB_6.X\LAB6_3.ASM 18 : Found label after column 1. (LOOP1)
Warning[207] C:\USERS\KUANYI\MPLABXPROJECTS\LAB_6.X\LAB6_3.ASM 142 : Found label after column 1. (delay_routine_2)
Warning[207] C:\USERS\KUANYI\MPLABXPROJECTS\LAB_6.X\LAB6_3.ASM 15 : Found label after column 1. (LOOP2)
Warning[207] C:\USERS\KUANYI\MPLABXPROJECTS\LAB_6.X\LAB6_3.ASM 18 : Found label after column 1. (LOOP1)
Warning[205] C:\USERS\KUANYI\MPLABXPROJECTS\LAB_6.X\LAB6_3.ASM 145 : Found directive in column 1. (end)
