Warning[205] C:\USERS\KUANYI\MPLABXPROJECTS\LAB_6.X\LAB6_3_V2.ASM 1 : Found directive in column 1. (LIST)
Warning[207] C:\USERS\KUANYI\MPLABXPROJECTS\LAB_6.X\LAB6_3_V2.ASM 7 : Found label after column 1. (L1)
Warning[207] C:\USERS\KUANYI\MPLABXPROJECTS\LAB_6.X\LAB6_3_V2.ASM 8 : Found label after column 1. (L2)
Warning[207] C:\USERS\KUANYI\MPLABXPROJECTS\LAB_6.X\LAB6_3_V2.ASM 9 : Found label after column 1. (CURR_STATE)
Warning[207] C:\USERS\KUANYI\MPLABXPROJECTS\LAB_6.X\LAB6_3_V2.ASM 10 : Found label after column 1. (GO_LOOP)
Warning[205] C:\USERS\KUANYI\MPLABXPROJECTS\LAB_6.X\LAB6_3_V2.ASM 35 : Found directive in column 1. (endm)
Warning[205] C:\USERS\KUANYI\MPLABXPROJECTS\LAB_6.X\LAB6_3_V2.ASM 46 : Found directive in column 1. (endm)
Warning[203] C:\USERS\KUANYI\MPLABXPROJECTS\LAB_6.X\LAB6_3_V2.ASM 51 : Found opcode in column 1. (MOVLW)
Warning[203] C:\USERS\KUANYI\MPLABXPROJECTS\LAB_6.X\LAB6_3_V2.ASM 52 : Found opcode in column 1. (MOVWF)
Warning[203] C:\USERS\KUANYI\MPLABXPROJECTS\LAB_6.X\LAB6_3_V2.ASM 53 : Found opcode in column 1. (CLRF)
Warning[203] C:\USERS\KUANYI\MPLABXPROJECTS\LAB_6.X\LAB6_3_V2.ASM 54 : Found opcode in column 1. (BSF)
Warning[203] C:\USERS\KUANYI\MPLABXPROJECTS\LAB_6.X\LAB6_3_V2.ASM 55 : Found opcode in column 1. (CLRF)
Warning[203] C:\USERS\KUANYI\MPLABXPROJECTS\LAB_6.X\LAB6_3_V2.ASM 56 : Found opcode in column 1. (CLRF)
Warning[203] C:\USERS\KUANYI\MPLABXPROJECTS\LAB_6.X\LAB6_3_V2.ASM 57 : Found opcode in column 1. (CLRF)
Warning[203] C:\USERS\KUANYI\MPLABXPROJECTS\LAB_6.X\LAB6_3_V2.ASM 58 : Found opcode in column 1. (CLRF)
Warning[203] C:\USERS\KUANYI\MPLABXPROJECTS\LAB_6.X\LAB6_3_V2.ASM 59 : Found opcode in column 1. (goto)
Warning[207] C:\USERS\KUANYI\MPLABXPROJECTS\LAB_6.X\LAB6_3_V2.ASM 21 : Found label after column 1. (LOOP2)
Warning[207] C:\USERS\KUANYI\MPLABXPROJECTS\LAB_6.X\LAB6_3_V2.ASM 24 : Found label after column 1. (LOOP1)
Warning[207] C:\USERS\KUANYI\MPLABXPROJECTS\LAB_6.X\LAB6_3_V2.ASM 100 : Found label after column 1. (delay_routine_1)
Warning[207] C:\USERS\KUANYI\MPLABXPROJECTS\LAB_6.X\LAB6_3_V2.ASM 21 : Found label after column 1. (LOOP2)
Warning[207] C:\USERS\KUANYI\MPLABXPROJECTS\LAB_6.X\LAB6_3_V2.ASM 24 : Found label after column 1. (LOOP1)
Warning[207] C:\USERS\KUANYI\MPLABXPROJECTS\LAB_6.X\LAB6_3_V2.ASM 123 : Found label after column 1. (delay_routine_2)
Warning[207] C:\USERS\KUANYI\MPLABXPROJECTS\LAB_6.X\LAB6_3_V2.ASM 21 : Found label after column 1. (LOOP2)
Warning[207] C:\USERS\KUANYI\MPLABXPROJECTS\LAB_6.X\LAB6_3_V2.ASM 24 : Found label after column 1. (LOOP1)
Warning[205] C:\USERS\KUANYI\MPLABXPROJECTS\LAB_6.X\LAB6_3_V2.ASM 129 : Found directive in column 1. (end)
