Warning[205] C:\USERS\KUANYI\MPLABXPROJECTS\LAB_6.X\LAB6_2.ASM 1 : Found directive in column 1. (LIST)
Warning[207] C:\USERS\KUANYI\MPLABXPROJECTS\LAB_6.X\LAB6_2.ASM 7 : Found label after column 1. (L1)
Warning[207] C:\USERS\KUANYI\MPLABXPROJECTS\LAB_6.X\LAB6_2.ASM 8 : Found label after column 1. (L2)
Warning[205] C:\USERS\KUANYI\MPLABXPROJECTS\LAB_6.X\LAB6_2.ASM 33 : Found directive in column 1. (endm)
Warning[203] C:\USERS\KUANYI\MPLABXPROJECTS\LAB_6.X\LAB6_2.ASM 39 : Found opcode in column 1. (MOVLW)
Warning[203] C:\USERS\KUANYI\MPLABXPROJECTS\LAB_6.X\LAB6_2.ASM 40 : Found opcode in column 1. (MOVWF)
Warning[203] C:\USERS\KUANYI\MPLABXPROJECTS\LAB_6.X\LAB6_2.ASM 41 : Found opcode in column 1. (CLRF)
Warning[203] C:\USERS\KUANYI\MPLABXPROJECTS\LAB_6.X\LAB6_2.ASM 42 : Found opcode in column 1. (BSF)
Warning[203] C:\USERS\KUANYI\MPLABXPROJECTS\LAB_6.X\LAB6_2.ASM 43 : Found opcode in column 1. (CLRF)
Warning[203] C:\USERS\KUANYI\MPLABXPROJECTS\LAB_6.X\LAB6_2.ASM 44 : Found opcode in column 1. (CLRF)
Warning[207] C:\USERS\KUANYI\MPLABXPROJECTS\LAB_6.X\LAB6_2.ASM 58 : Found label after column 1. (do_state1)
Warning[207] C:\USERS\KUANYI\MPLABXPROJECTS\LAB_6.X\LAB6_2.ASM 19 : Found label after column 1. (LOOP2)
Warning[207] C:\USERS\KUANYI\MPLABXPROJECTS\LAB_6.X\LAB6_2.ASM 22 : Found label after column 1. (LOOP1)
Warning[207] C:\USERS\KUANYI\MPLABXPROJECTS\LAB_6.X\LAB6_2.ASM 63 : Found label after column 1. (judge_again)
Warning[207] C:\USERS\KUANYI\MPLABXPROJECTS\LAB_6.X\LAB6_2.ASM 68 : Found label after column 1. (do_state3to5)
Warning[207] C:\USERS\KUANYI\MPLABXPROJECTS\LAB_6.X\LAB6_2.ASM 71 : Found label after column 1. (do_state2)
Warning[207] C:\USERS\KUANYI\MPLABXPROJECTS\LAB_6.X\LAB6_2.ASM 75 : Found label after column 1. (delay_routine)
Warning[207] C:\USERS\KUANYI\MPLABXPROJECTS\LAB_6.X\LAB6_2.ASM 19 : Found label after column 1. (LOOP2)
Warning[207] C:\USERS\KUANYI\MPLABXPROJECTS\LAB_6.X\LAB6_2.ASM 22 : Found label after column 1. (LOOP1)
Warning[205] C:\USERS\KUANYI\MPLABXPROJECTS\LAB_6.X\LAB6_2.ASM 78 : Found directive in column 1. (end)
