

Microchip MPLAB XC8 Assembler V2.45 build 20230818022343 
                                                                                               Sun Jan 07 18:50:16 2024

Microchip MPLAB XC8 C Compiler v2.45 (Free license) build 20230818022343 Og1 
     1                           	processor	18F4520
     2                           	fnconf	rparam,??,?,0
     3                           	pagewidth 120
     4                           	opt	flic
     5                           	psect	cinit,global,reloc=2,class=CODE,delta=1
     6                           	psect	cstackCOMRAM,global,class=COMRAM,space=1,delta=1,lowdata,noexec
     7                           	psect	text0,global,reloc=2,class=CODE,delta=1
     8                           	psect	intcode,global,reloc=2,class=CODE,delta=1
     9                           	psect	intcode_body,global,reloc=2,class=CODE,delta=1
    10                           	psect	text2,global,reloc=2,class=CODE,delta=1,group=1
    11                           	psect	smallconst,global,reloc=2,class=SMALLCONST,delta=1,noexec
    12                           	psect	intsave_regs,global,class=BIGRAM,space=1,delta=1,noexec
    13                           	psect	rparam,global,class=COMRAM,space=1,delta=1,noexec
    14                           	psect	temp,global,ovrld,common,class=COMRAM,space=1,delta=1
    15                           	psect	idloc,global,abs,ovrld,class=IDLOC,space=5,delta=1,noexec
    16                           	psect	config,global,abs,ovrld,class=CONFIG,space=4,delta=1,noexec
    17   000000                     
    18                           ; Generated 18/08/2023 GMT
    19                           ; 
    20                           ; Copyright © 2023, Microchip Technology Inc. and its subsidiaries ("Microchip")
    21                           ; All rights reserved.
    22                           ; 
    23                           ; This software is developed by Microchip Technology Inc. and its subsidiaries ("Microch
      +                          ip").
    24                           ; 
    25                           ; Redistribution and use in source and binary forms, with or without modification, are
    26                           ; permitted provided that the following conditions are met:
    27                           ; 
    28                           ;     1. Redistributions of source code must retain the above copyright notice, this lis
      +                          t of
    29                           ;        conditions and the following disclaimer.
    30                           ; 
    31                           ;     2. Redistributions in binary form must reproduce the above copyright notice, this 
      +                          list
    32                           ;        of conditions and the following disclaimer in the documentation and/or other
    33                           ;        materials provided with the distribution. Publication is not required when
    34                           ;        this file is used in an embedded application.
    35                           ; 
    36                           ;     3. Microchip's name may not be used to endorse or promote products derived from th
      +                          is
    37                           ;        software without specific prior written permission.
    38                           ; 
    39                           ; THIS SOFTWARE IS PROVIDED BY MICROCHIP "AS IS" AND ANY EXPRESS OR IMPLIED WARRANTIES,
    40                           ; INCLUDING, BUT NOT LIMITED TO, THE IMPLIED WARRANTIES OF MERCHANTABILITY AND FITNESS F
      +                          OR
    41                           ; PURPOSE ARE DISCLAIMED.  IN NO EVENT SHALL MICROCHIP BE LIABLE FOR ANY DIRECT, INDIREC
      +                          T,
    42                           ; INCIDENTAL, SPECIAL, EXEMPLARY, OR CONSEQUENTIAL DAMAGES (INCLUDING BUT NOT LIMITED TO
    43                           ; PROCUREMENT OF SUBSTITUTE GOODS OR SERVICES; LOSS OF USE, DATA OR PROFITS; OR BUSINESS
    44                           ; INTERRUPTION) HOWSOEVER CAUSED AND ON ANY THEORY OF LIABILITY, WHETHER IN CONTRACT, ST
      +                          RICT
    45                           ; LIABILITY, OR TORT (INCLUDING NEGLIGENCE OR OTHERWISE) ARISING IN ANY WAY OUT OF THE U
      +                          SE OF
    46                           ; THIS SOFTWARE, EVEN IF ADVISED OF THE POSSIBILITY OF SUCH DAMAGE.
    47                           ; 
    48                           ; 
    49                           ; Code-generator required, PIC18F4520 Definitions
    50                           ; 
    51                           ; SFR Addresses
    52   000000                     _PIE1bits	set	3997
    53   000000                     _PIR1bits	set	3998
    54   000000                     _ADCON1bits	set	4033
    55   000000                     _PORTBbits	set	3969
    56   000000                     _LATC	set	3979
    57   000000                     _INTCONbits	set	4082
    58   000000                     _CCP1CONbits	set	4029
    59   000000                     _CCPR1L	set	4030
    60   000000                     _ADRESL	set	4035
    61   000000                     _T2CONbits	set	4042
    62   000000                     _RCONbits	set	4048
    63   000000                     _ADRESH	set	4036
    64   000000                     _TRISAbits	set	3986
    65   000000                     _TRISBbits	set	3987
    66   000000                     _ADCON2bits	set	4032
    67   000000                     _ADCON1	set	4033
    68   000000                     _ADCON0bits	set	4034
    69   000000                     _OSCCONbits	set	4051
    70   000000                     _TRISC	set	3988
    71   000000                     _PR2	set	4043
    72                           
    73                           ; #config settings
    74                           
    75                           	psect	cinit
    76   000B18                     __pcinit:
    77                           	callstack 0
    78   000B18                     start_initialization:
    79                           	callstack 0
    80   000B18                     __initialization:
    81                           	callstack 0
    82   000B18                     end_of_initialization:
    83                           	callstack 0
    84   000B18                     __end_of__initialization:
    85                           	callstack 0
    86   000B18  900C               	bcf	int$flags,0,c	;clear compiler interrupt flag (level 1)
    87   000B1A  920C               	bcf	int$flags,1,c	;clear compiler interrupt flag (level 2)
    88   000B1C  0100               	movlb	0
    89   000B1E  EF4B  F005         	goto	_main	;jump to C main() function
    90                           
    91                           	psect	cstackCOMRAM
    92   000001                     __pcstackCOMRAM:
    93                           	callstack 0
    94   000001                     ?___awmod:
    95                           	callstack 0
    96   000001                     ___awmod@dividend:
    97                           	callstack 0
    98                           
    99                           ; 2 bytes @ 0x0
   100   000001                     	ds	2
   101   000003                     ___awmod@divisor:
   102                           	callstack 0
   103                           
   104                           ; 2 bytes @ 0x2
   105   000003                     	ds	2
   106   000005                     ___awmod@counter:
   107                           	callstack 0
   108                           
   109                           ; 1 bytes @ 0x4
   110   000005                     	ds	1
   111   000006                     ___awmod@sign:
   112                           	callstack 0
   113                           
   114                           ; 1 bytes @ 0x5
   115   000006                     	ds	1
   116   000007                     ??_H_ISR:
   117                           
   118                           ; 1 bytes @ 0x6
   119   000007                     	ds	2
   120   000009                     H_ISR@i:
   121                           	callstack 0
   122                           
   123                           ; 1 bytes @ 0x8
   124   000009                     	ds	1
   125   00000A                     H_ISR@AD_total:
   126                           	callstack 0
   127                           
   128                           ; 2 bytes @ 0x9
   129   00000A                     	ds	2
   130   00000C                     
   131                           ; 1 bytes @ 0xB
   132 ;;
   133 ;;Main: autosize = 0, tempsize = 0, incstack = 0, save=0
   134 ;;
   135 ;; *************** function _main *****************
   136 ;; Defined at:
   137 ;;		line 178 in file "Final_3a.c"
   138 ;; Parameters:    Size  Location     Type
   139 ;;		None
   140 ;; Auto vars:     Size  Location     Type
   141 ;;		None
   142 ;; Return value:  Size  Location     Type
   143 ;;                  1    wreg      void 
   144 ;; Registers used:
   145 ;;		wreg, status,2
   146 ;; Tracked objects:
   147 ;;		On entry : 0/0
   148 ;;		On exit  : 0/0
   149 ;;		Unchanged: 0/0
   150 ;; Data sizes:     COMRAM   BANK0   BANK1   BANK2   BANK3   BANK4   BANK5
   151 ;;      Params:         0       0       0       0       0       0       0
   152 ;;      Locals:         0       0       0       0       0       0       0
   153 ;;      Temps:          0       0       0       0       0       0       0
   154 ;;      Totals:         0       0       0       0       0       0       0
   155 ;;Total ram usage:        0 bytes
   156 ;; Hardware stack levels required when called: 2
   157 ;; This function calls:
   158 ;;		Nothing
   159 ;; This function is called by:
   160 ;;		Startup code after reset
   161 ;; This function uses a non-reentrant model
   162 ;;
   163                           
   164                           	psect	text0
   165   000A96                     __ptext0:
   166                           	callstack 0
   167   000A96                     _main:
   168                           	callstack 29
   169   000A96                     
   170                           ;Final_3a.c: 180:     ADCON1 = 0x0f;
   171   000A96  0E0F               	movlw	15
   172   000A98  6EC1               	movwf	193,c	;volatile
   173   000A9A                     
   174                           ;Final_3a.c: 182:     RCONbits.IPEN = 0;
   175   000A9A  9ED0               	bcf	208,7,c	;volatile
   176   000A9C                     
   177                           ;Final_3a.c: 184:     INTCONbits.INT0E = 1;
   178   000A9C  88F2               	bsf	242,4,c	;volatile
   179   000A9E                     
   180                           ;Final_3a.c: 185:     INTCONbits.INT0F = 0;
   181   000A9E  92F2               	bcf	242,1,c	;volatile
   182   000AA0                     
   183                           ;Final_3a.c: 186:     INTCONbits.GIE = 1;
   184   000AA0  8EF2               	bsf	242,7,c	;volatile
   185   000AA2                     
   186                           ;Final_3a.c: 189:     TRISBbits.RB0 = 1;
   187   000AA2  8093               	bsf	147,0,c	;volatile
   188   000AA4                     
   189                           ;Final_3a.c: 190:     PORTBbits.RB0 = 0;
   190   000AA4  9081               	bcf	129,0,c	;volatile
   191   000AA6                     
   192                           ;Final_3a.c: 193:     T2CONbits.TMR2ON = 0b1;
   193   000AA6  84CA               	bsf	202,2,c	;volatile
   194                           
   195                           ;Final_3a.c: 194:     T2CONbits.T2CKPS = 0b01;
   196   000AA8  50CA               	movf	202,w,c	;volatile
   197   000AAA  0BFC               	andlw	-4
   198   000AAC  0901               	iorlw	1
   199   000AAE  6ECA               	movwf	202,c	;volatile
   200                           
   201                           ;Final_3a.c: 197:     OSCCONbits.IRCF = 0b001;
   202   000AB0  50D3               	movf	211,w,c	;volatile
   203   000AB2  0B8F               	andlw	-113
   204   000AB4  0910               	iorlw	16
   205   000AB6  6ED3               	movwf	211,c	;volatile
   206                           
   207                           ;Final_3a.c: 200:     CCP1CONbits.CCP1M = 0b1100;
   208   000AB8  50BD               	movf	189,w,c	;volatile
   209   000ABA  0BF0               	andlw	-16
   210   000ABC  090C               	iorlw	12
   211   000ABE  6EBD               	movwf	189,c	;volatile
   212                           
   213                           ;Final_3a.c: 203:     TRISC = 0;
   214   000AC0  0E00               	movlw	0
   215   000AC2  6E94               	movwf	148,c	;volatile
   216                           
   217                           ;Final_3a.c: 204:     LATC = 0;
   218   000AC4  0E00               	movlw	0
   219   000AC6  6E8B               	movwf	139,c	;volatile
   220                           
   221                           ;Final_3a.c: 213:     PR2 = 0x9b;
   222   000AC8  0E9B               	movlw	155
   223   000ACA  6ECB               	movwf	203,c	;volatile
   224                           
   225                           ;Final_3a.c: 221:     CCPR1L = 0x0b;
   226   000ACC  0E0B               	movlw	11
   227   000ACE  6EBE               	movwf	190,c	;volatile
   228                           
   229                           ;Final_3a.c: 222:     CCP1CONbits.DC1B = 0b01;
   230   000AD0  50BD               	movf	189,w,c	;volatile
   231   000AD2  0BCF               	andlw	-49
   232   000AD4  0910               	iorlw	16
   233   000AD6  6EBD               	movwf	189,c	;volatile
   234   000AD8                     
   235                           ;Final_3a.c: 226:     TRISAbits.RA0 = 1;
   236   000AD8  8092               	bsf	146,0,c	;volatile
   237                           
   238                           ;Final_3a.c: 229:     TRISC = 0;
   239   000ADA  0E00               	movlw	0
   240   000ADC  6E94               	movwf	148,c	;volatile
   241                           
   242                           ;Final_3a.c: 230:     LATC = 0;
   243   000ADE  0E00               	movlw	0
   244   000AE0  6E8B               	movwf	139,c	;volatile
   245   000AE2                     
   246                           ;Final_3a.c: 232:     ADCON1bits.VCFG0 = 0;
   247   000AE2  98C1               	bcf	193,4,c	;volatile
   248   000AE4                     
   249                           ;Final_3a.c: 233:     ADCON1bits.VCFG1 = 0;
   250   000AE4  9AC1               	bcf	193,5,c	;volatile
   251                           
   252                           ;Final_3a.c: 234:     ADCON1bits.PCFG = 0b1110;
   253   000AE6  50C1               	movf	193,w,c	;volatile
   254   000AE8  0BF0               	andlw	-16
   255   000AEA  090E               	iorlw	14
   256   000AEC  6EC1               	movwf	193,c	;volatile
   257                           
   258                           ;Final_3a.c: 235:     ADCON0bits.CHS = 0b0000;
   259   000AEE  0EC3               	movlw	-61
   260   000AF0  16C2               	andwf	194,f,c	;volatile
   261                           
   262                           ;Final_3a.c: 236:     ADCON2bits.ADCS = 0b100;
   263   000AF2  50C0               	movf	192,w,c	;volatile
   264   000AF4  0BF8               	andlw	-8
   265   000AF6  0904               	iorlw	4
   266   000AF8  6EC0               	movwf	192,c	;volatile
   267                           
   268                           ;Final_3a.c: 237:     ADCON2bits.ACQT = 0b110;
   269   000AFA  50C0               	movf	192,w,c	;volatile
   270   000AFC  0BC7               	andlw	-57
   271   000AFE  0930               	iorlw	48
   272   000B00  6EC0               	movwf	192,c	;volatile
   273   000B02                     
   274                           ;Final_3a.c: 238:     ADCON0bits.ADON = 1;
   275   000B02  80C2               	bsf	194,0,c	;volatile
   276   000B04                     
   277                           ;Final_3a.c: 239:     ADCON2bits.ADFM = 1;
   278   000B04  8EC0               	bsf	192,7,c	;volatile
   279   000B06                     
   280                           ;Final_3a.c: 244:     PIE1bits.ADIE = 1;
   281   000B06  8C9D               	bsf	157,6,c	;volatile
   282   000B08                     
   283                           ;Final_3a.c: 245:     PIR1bits.ADIF = 0;
   284   000B08  9C9E               	bcf	158,6,c	;volatile
   285   000B0A                     
   286                           ;Final_3a.c: 246:     INTCONbits.PEIE = 1;
   287   000B0A  8CF2               	bsf	242,6,c	;volatile
   288   000B0C                     
   289                           ;Final_3a.c: 247:     INTCONbits.GIE = 1;
   290   000B0C  8EF2               	bsf	242,7,c	;volatile
   291   000B0E                     
   292                           ;Final_3a.c: 251:     ADCON0bits.GO = 1;
   293   000B0E  82C2               	bsf	194,1,c	;volatile
   294   000B10                     l95:
   295   000B10  EF88  F005         	goto	l95
   296   000B14  EF07  F000         	goto	start
   297   000B18                     __end_of_main:
   298                           	callstack 0
   299                           
   300 ;; *************** function _H_ISR *****************
   301 ;; Defined at:
   302 ;;		line 65 in file "Final_3a.c"
   303 ;; Parameters:    Size  Location     Type
   304 ;;		None
   305 ;; Auto vars:     Size  Location     Type
   306 ;;  i               1    8[COMRAM] unsigned char 
   307 ;;  AD_total        2    9[COMRAM] int 
   308 ;;  mod             2    0        int 
   309 ;;  AD_High         1    0        unsigned char 
   310 ;;  AD_Low          1    0        unsigned char 
   311 ;; Return value:  Size  Location     Type
   312 ;;                  1    wreg      void 
   313 ;; Registers used:
   314 ;;		wreg, status,2, status,0, cstack
   315 ;; Tracked objects:
   316 ;;		On entry : 0/0
   317 ;;		On exit  : 0/0
   318 ;;		Unchanged: 0/0
   319 ;; Data sizes:     COMRAM   BANK0   BANK1   BANK2   BANK3   BANK4   BANK5
   320 ;;      Params:         0       0       0       0       0       0       0
   321 ;;      Locals:         3       0       0       0       0       0       0
   322 ;;      Temps:          2       0       0       0       0       0       0
   323 ;;      Totals:         5       0       0       0       0       0       0
   324 ;;Total ram usage:        5 bytes
   325 ;; Hardware stack levels used: 1
   326 ;; Hardware stack levels required when called: 1
   327 ;; This function calls:
   328 ;;		___awmod
   329 ;; This function is called by:
   330 ;;		Interrupt level 2
   331 ;; This function uses a non-reentrant model
   332 ;;
   333                           
   334                           	psect	intcode
   335   000008                     __pintcode:
   336                           	callstack 0
   337   000008                     _H_ISR:
   338                           	callstack 29
   339                           
   340                           ;incstack = 0
   341   000008  820C               	bsf	int$flags,1,c	;set compiler interrupt flag (level 2)
   342   00000A  ED01  F003         	call	int_func,f	;refresh shadow registers
   343                           
   344                           	psect	intcode_body
   345   000602                     __pintcode_body:
   346                           	callstack 29
   347   000602                     int_func:
   348                           	callstack 29
   349   000602  0006               	pop		; remove dummy address from shadow register refresh
   350   000604                     
   351                           ;Final_3a.c: 66:     if(PIR1bits.ADIF == 1){
   352   000604  AC9E               	btfss	158,6,c	;volatile
   353   000606  EF07  F003         	goto	i2u36_41
   354   00060A  EF09  F003         	goto	i2u36_40
   355   00060E                     i2u36_41:
   356   00060E  EFF1  F004         	goto	i2l90
   357   000612                     i2u36_40:
   358   000612  50C3               	movf	195,w,c	;volatile
   359   000614  50C4               	movf	196,w,c	;volatile
   360   000616                     
   361                           ;Final_3a.c: 70:     int AD_total = ADRESH * 256 + ADRESL;
   362   000616  50C4               	movf	196,w,c	;volatile
   363   000618  6E08               	movwf	(??_H_ISR+1)^0,c
   364   00061A  6A07               	clrf	??_H_ISR^0,c
   365   00061C  50C3               	movf	195,w,c	;volatile
   366   00061E  2407               	addwf	??_H_ISR^0,w,c
   367   000620  6E0A               	movwf	H_ISR@AD_total^0,c
   368   000622  0E00               	movlw	0
   369   000624  2008               	addwfc	(??_H_ISR+1)^0,w,c
   370   000626  6E0B               	movwf	(H_ISR@AD_total+1)^0,c
   371   000628  C00A  F001         	movff	H_ISR@AD_total,___awmod@dividend
   372   00062C  C00B  F002         	movff	H_ISR@AD_total+1,___awmod@dividend+1
   373   000630  0E00               	movlw	0
   374   000632  6E04               	movwf	(___awmod@divisor+1)^0,c
   375   000634  0E8C               	movlw	140
   376   000636  6E03               	movwf	___awmod@divisor^0,c
   377   000638  ECF3  F004         	call	___awmod	;wreg free
   378   00063C                     
   379                           ;Final_3a.c: 73:     LATC = 0;
   380   00063C  0E00               	movlw	0
   381   00063E  6E8B               	movwf	139,c	;volatile
   382   000640                     
   383                           ;Final_3a.c: 76:     if(AD_total < 50){
   384   000640  BE0B               	btfsc	(H_ISR@AD_total+1)^0,7,c
   385   000642  EF2E  F003         	goto	i2u37_40
   386   000646  500B               	movf	(H_ISR@AD_total+1)^0,w,c
   387   000648  E107               	bnz	i2u37_41
   388   00064A  0E32               	movlw	50
   389   00064C  5C0A               	subwf	H_ISR@AD_total^0,w,c
   390   00064E  B0D8               	btfsc	status,0,c
   391   000650  EF2C  F003         	goto	i2u37_41
   392   000654  EF2E  F003         	goto	i2u37_40
   393   000658                     i2u37_41:
   394   000658  EF36  F003         	goto	i2l1000
   395   00065C                     i2u37_40:
   396   00065C                     
   397                           ;Final_3a.c: 77:         CCPR1L = 0x04;
   398   00065C  0E04               	movlw	4
   399   00065E  6EBE               	movwf	190,c	;volatile
   400                           
   401                           ;Final_3a.c: 78:         CCP1CONbits.DC1B = 0b01;
   402   000660  50BD               	movf	189,w,c	;volatile
   403   000662  0BCF               	andlw	-49
   404   000664  0910               	iorlw	16
   405   000666  6EBD               	movwf	189,c	;volatile
   406                           
   407                           ;Final_3a.c: 79:     }else if(AD_total < 100){
   408   000668  EFE4  F004         	goto	i2l47
   409   00066C                     i2l1000:
   410   00066C  BE0B               	btfsc	(H_ISR@AD_total+1)^0,7,c
   411   00066E  EF44  F003         	goto	i2u38_40
   412   000672  500B               	movf	(H_ISR@AD_total+1)^0,w,c
   413   000674  E107               	bnz	i2u38_41
   414   000676  0E64               	movlw	100
   415   000678  5C0A               	subwf	H_ISR@AD_total^0,w,c
   416   00067A  B0D8               	btfsc	status,0,c
   417   00067C  EF42  F003         	goto	i2u38_41
   418   000680  EF44  F003         	goto	i2u38_40
   419   000684                     i2u38_41:
   420   000684  EF4C  F003         	goto	i2l1004
   421   000688                     i2u38_40:
   422   000688                     
   423                           ;Final_3a.c: 80:         CCPR1L = 0x05;
   424   000688  0E05               	movlw	5
   425   00068A  6EBE               	movwf	190,c	;volatile
   426                           
   427                           ;Final_3a.c: 81:         CCP1CONbits.DC1B = 0b10;
   428   00068C  50BD               	movf	189,w,c	;volatile
   429   00068E  0BCF               	andlw	-49
   430   000690  0920               	iorlw	32
   431   000692  6EBD               	movwf	189,c	;volatile
   432                           
   433                           ;Final_3a.c: 82:     }else if(AD_total < 150){
   434   000694  EFE4  F004         	goto	i2l47
   435   000698                     i2l1004:
   436   000698  BE0B               	btfsc	(H_ISR@AD_total+1)^0,7,c
   437   00069A  EF5A  F003         	goto	i2u39_40
   438   00069E  500B               	movf	(H_ISR@AD_total+1)^0,w,c
   439   0006A0  E107               	bnz	i2u39_41
   440   0006A2  0E96               	movlw	150
   441   0006A4  5C0A               	subwf	H_ISR@AD_total^0,w,c
   442   0006A6  B0D8               	btfsc	status,0,c
   443   0006A8  EF58  F003         	goto	i2u39_41
   444   0006AC  EF5A  F003         	goto	i2u39_40
   445   0006B0                     i2u39_41:
   446   0006B0  EF60  F003         	goto	i2l1008
   447   0006B4                     i2u39_40:
   448   0006B4                     
   449                           ;Final_3a.c: 83:         CCPR1L = 0x06;
   450   0006B4  0E06               	movlw	6
   451   0006B6  6EBE               	movwf	190,c	;volatile
   452                           
   453                           ;Final_3a.c: 84:         CCP1CONbits.DC1B = 0b11;
   454   0006B8  0E30               	movlw	48
   455   0006BA  12BD               	iorwf	189,f,c	;volatile
   456                           
   457                           ;Final_3a.c: 85:     }else if(AD_total < 200){
   458   0006BC  EFE4  F004         	goto	i2l47
   459   0006C0                     i2l1008:
   460   0006C0  BE0B               	btfsc	(H_ISR@AD_total+1)^0,7,c
   461   0006C2  EF6E  F003         	goto	i2u40_40
   462   0006C6  500B               	movf	(H_ISR@AD_total+1)^0,w,c
   463   0006C8  E107               	bnz	i2u40_41
   464   0006CA  0EC8               	movlw	200
   465   0006CC  5C0A               	subwf	H_ISR@AD_total^0,w,c
   466   0006CE  B0D8               	btfsc	status,0,c
   467   0006D0  EF6C  F003         	goto	i2u40_41
   468   0006D4  EF6E  F003         	goto	i2u40_40
   469   0006D8                     i2u40_41:
   470   0006D8  EF76  F003         	goto	i2l1012
   471   0006DC                     i2u40_40:
   472   0006DC                     
   473                           ;Final_3a.c: 86:         CCPR1L = 0x07;
   474   0006DC  0E07               	movlw	7
   475   0006DE  6EBE               	movwf	190,c	;volatile
   476                           
   477                           ;Final_3a.c: 87:         CCP1CONbits.DC1B = 0b01;
   478   0006E0  50BD               	movf	189,w,c	;volatile
   479   0006E2  0BCF               	andlw	-49
   480   0006E4  0910               	iorlw	16
   481   0006E6  6EBD               	movwf	189,c	;volatile
   482                           
   483                           ;Final_3a.c: 88:     }else if(AD_total < 250){
   484   0006E8  EFE4  F004         	goto	i2l47
   485   0006EC                     i2l1012:
   486   0006EC  BE0B               	btfsc	(H_ISR@AD_total+1)^0,7,c
   487   0006EE  EF84  F003         	goto	i2u41_40
   488   0006F2  500B               	movf	(H_ISR@AD_total+1)^0,w,c
   489   0006F4  E107               	bnz	i2u41_41
   490   0006F6  0EFA               	movlw	250
   491   0006F8  5C0A               	subwf	H_ISR@AD_total^0,w,c
   492   0006FA  B0D8               	btfsc	status,0,c
   493   0006FC  EF82  F003         	goto	i2u41_41
   494   000700  EF84  F003         	goto	i2u41_40
   495   000704                     i2u41_41:
   496   000704  EF8C  F003         	goto	i2l1016
   497   000708                     i2u41_40:
   498   000708                     
   499                           ;Final_3a.c: 89:         CCPR1L = 0x08;
   500   000708  0E08               	movlw	8
   501   00070A  6EBE               	movwf	190,c	;volatile
   502                           
   503                           ;Final_3a.c: 90:         CCP1CONbits.DC1B = 0b10;
   504   00070C  50BD               	movf	189,w,c	;volatile
   505   00070E  0BCF               	andlw	-49
   506   000710  0920               	iorlw	32
   507   000712  6EBD               	movwf	189,c	;volatile
   508                           
   509                           ;Final_3a.c: 91:     }
   510   000714  EFE4  F004         	goto	i2l47
   511   000718                     i2l1016:
   512   000718  BE0B               	btfsc	(H_ISR@AD_total+1)^0,7,c
   513   00071A  EF9A  F003         	goto	i2u42_40
   514   00071E  0E2C               	movlw	44
   515   000720  5C0A               	subwf	H_ISR@AD_total^0,w,c
   516   000722  0E01               	movlw	1
   517   000724  580B               	subwfb	(H_ISR@AD_total+1)^0,w,c
   518   000726  B0D8               	btfsc	status,0,c
   519   000728  EF98  F003         	goto	i2u42_41
   520   00072C  EF9A  F003         	goto	i2u42_40
   521   000730                     i2u42_41:
   522   000730  EFA0  F003         	goto	i2l1020
   523   000734                     i2u42_40:
   524   000734                     
   525                           ;Final_3a.c: 93:         CCPR1L = 0x09;
   526   000734  0E09               	movlw	9
   527   000736  6EBE               	movwf	190,c	;volatile
   528                           
   529                           ;Final_3a.c: 94:         CCP1CONbits.DC1B = 0b11;
   530   000738  0E30               	movlw	48
   531   00073A  12BD               	iorwf	189,f,c	;volatile
   532                           
   533                           ;Final_3a.c: 95:     }else if(AD_total < 350){
   534   00073C  EFE4  F004         	goto	i2l47
   535   000740                     i2l1020:
   536   000740  BE0B               	btfsc	(H_ISR@AD_total+1)^0,7,c
   537   000742  EFAE  F003         	goto	i2u43_40
   538   000746  0E5E               	movlw	94
   539   000748  5C0A               	subwf	H_ISR@AD_total^0,w,c
   540   00074A  0E01               	movlw	1
   541   00074C  580B               	subwfb	(H_ISR@AD_total+1)^0,w,c
   542   00074E  B0D8               	btfsc	status,0,c
   543   000750  EFAC  F003         	goto	i2u43_41
   544   000754  EFAE  F003         	goto	i2u43_40
   545   000758                     i2u43_41:
   546   000758  EFB6  F003         	goto	i2l1024
   547   00075C                     i2u43_40:
   548   00075C                     
   549                           ;Final_3a.c: 96:         CCPR1L = 0x0a;
   550   00075C  0E0A               	movlw	10
   551   00075E  6EBE               	movwf	190,c	;volatile
   552                           
   553                           ;Final_3a.c: 97:         CCP1CONbits.DC1B = 0b01;
   554   000760  50BD               	movf	189,w,c	;volatile
   555   000762  0BCF               	andlw	-49
   556   000764  0910               	iorlw	16
   557   000766  6EBD               	movwf	189,c	;volatile
   558                           
   559                           ;Final_3a.c: 98:     }else if(AD_total < 400){
   560   000768  EFE4  F004         	goto	i2l47
   561   00076C                     i2l1024:
   562   00076C  BE0B               	btfsc	(H_ISR@AD_total+1)^0,7,c
   563   00076E  EFC4  F003         	goto	i2u44_40
   564   000772  0E90               	movlw	144
   565   000774  5C0A               	subwf	H_ISR@AD_total^0,w,c
   566   000776  0E01               	movlw	1
   567   000778  580B               	subwfb	(H_ISR@AD_total+1)^0,w,c
   568   00077A  B0D8               	btfsc	status,0,c
   569   00077C  EFC2  F003         	goto	i2u44_41
   570   000780  EFC4  F003         	goto	i2u44_40
   571   000784                     i2u44_41:
   572   000784  EFCC  F003         	goto	i2l1028
   573   000788                     i2u44_40:
   574   000788                     
   575                           ;Final_3a.c: 99:         CCPR1L = 0x0b;
   576   000788  0E0B               	movlw	11
   577   00078A  6EBE               	movwf	190,c	;volatile
   578                           
   579                           ;Final_3a.c: 100:         CCP1CONbits.DC1B = 0b10;
   580   00078C  50BD               	movf	189,w,c	;volatile
   581   00078E  0BCF               	andlw	-49
   582   000790  0920               	iorlw	32
   583   000792  6EBD               	movwf	189,c	;volatile
   584                           
   585                           ;Final_3a.c: 101:     }
   586   000794  EFE4  F004         	goto	i2l47
   587   000798                     i2l1028:
   588   000798  BE0B               	btfsc	(H_ISR@AD_total+1)^0,7,c
   589   00079A  EFDA  F003         	goto	i2u45_40
   590   00079E  0EC2               	movlw	194
   591   0007A0  5C0A               	subwf	H_ISR@AD_total^0,w,c
   592   0007A2  0E01               	movlw	1
   593   0007A4  580B               	subwfb	(H_ISR@AD_total+1)^0,w,c
   594   0007A6  B0D8               	btfsc	status,0,c
   595   0007A8  EFD8  F003         	goto	i2u45_41
   596   0007AC  EFDA  F003         	goto	i2u45_40
   597   0007B0                     i2u45_41:
   598   0007B0  EFE0  F003         	goto	i2l1032
   599   0007B4                     i2u45_40:
   600   0007B4                     
   601                           ;Final_3a.c: 103:         CCPR1L = 0x0c;
   602   0007B4  0E0C               	movlw	12
   603   0007B6  6EBE               	movwf	190,c	;volatile
   604                           
   605                           ;Final_3a.c: 104:         CCP1CONbits.DC1B = 0b11;
   606   0007B8  0E30               	movlw	48
   607   0007BA  12BD               	iorwf	189,f,c	;volatile
   608                           
   609                           ;Final_3a.c: 105:     }else if(AD_total < 500){
   610   0007BC  EFE4  F004         	goto	i2l47
   611   0007C0                     i2l1032:
   612   0007C0  BE0B               	btfsc	(H_ISR@AD_total+1)^0,7,c
   613   0007C2  EFEE  F003         	goto	i2u46_40
   614   0007C6  0EF4               	movlw	244
   615   0007C8  5C0A               	subwf	H_ISR@AD_total^0,w,c
   616   0007CA  0E01               	movlw	1
   617   0007CC  580B               	subwfb	(H_ISR@AD_total+1)^0,w,c
   618   0007CE  B0D8               	btfsc	status,0,c
   619   0007D0  EFEC  F003         	goto	i2u46_41
   620   0007D4  EFEE  F003         	goto	i2u46_40
   621   0007D8                     i2u46_41:
   622   0007D8  EFF6  F003         	goto	i2l1036
   623   0007DC                     i2u46_40:
   624   0007DC                     
   625                           ;Final_3a.c: 106:         CCPR1L = 0x0d;
   626   0007DC  0E0D               	movlw	13
   627   0007DE  6EBE               	movwf	190,c	;volatile
   628                           
   629                           ;Final_3a.c: 107:         CCP1CONbits.DC1B = 0b01;
   630   0007E0  50BD               	movf	189,w,c	;volatile
   631   0007E2  0BCF               	andlw	-49
   632   0007E4  0910               	iorlw	16
   633   0007E6  6EBD               	movwf	189,c	;volatile
   634                           
   635                           ;Final_3a.c: 108:     }else if(AD_total < 550){
   636   0007E8  EFE4  F004         	goto	i2l47
   637   0007EC                     i2l1036:
   638   0007EC  BE0B               	btfsc	(H_ISR@AD_total+1)^0,7,c
   639   0007EE  EF04  F004         	goto	i2u47_40
   640   0007F2  0E26               	movlw	38
   641   0007F4  5C0A               	subwf	H_ISR@AD_total^0,w,c
   642   0007F6  0E02               	movlw	2
   643   0007F8  580B               	subwfb	(H_ISR@AD_total+1)^0,w,c
   644   0007FA  B0D8               	btfsc	status,0,c
   645   0007FC  EF02  F004         	goto	i2u47_41
   646   000800  EF04  F004         	goto	i2u47_40
   647   000804                     i2u47_41:
   648   000804  EF0C  F004         	goto	i2l1040
   649   000808                     i2u47_40:
   650   000808                     
   651                           ;Final_3a.c: 109:         CCPR1L = 0x0e;
   652   000808  0E0E               	movlw	14
   653   00080A  6EBE               	movwf	190,c	;volatile
   654                           
   655                           ;Final_3a.c: 110:         CCP1CONbits.DC1B = 0b10;
   656   00080C  50BD               	movf	189,w,c	;volatile
   657   00080E  0BCF               	andlw	-49
   658   000810  0920               	iorlw	32
   659   000812  6EBD               	movwf	189,c	;volatile
   660                           
   661                           ;Final_3a.c: 111:     }
   662   000814  EFE4  F004         	goto	i2l47
   663   000818                     i2l1040:
   664   000818  BE0B               	btfsc	(H_ISR@AD_total+1)^0,7,c
   665   00081A  EF1A  F004         	goto	i2u48_40
   666   00081E  0E58               	movlw	88
   667   000820  5C0A               	subwf	H_ISR@AD_total^0,w,c
   668   000822  0E02               	movlw	2
   669   000824  580B               	subwfb	(H_ISR@AD_total+1)^0,w,c
   670   000826  B0D8               	btfsc	status,0,c
   671   000828  EF18  F004         	goto	i2u48_41
   672   00082C  EF1A  F004         	goto	i2u48_40
   673   000830                     i2u48_41:
   674   000830  EF20  F004         	goto	i2l1044
   675   000834                     i2u48_40:
   676   000834                     
   677                           ;Final_3a.c: 113:         CCPR1L = 0x0f;
   678   000834  0E0F               	movlw	15
   679   000836  6EBE               	movwf	190,c	;volatile
   680                           
   681                           ;Final_3a.c: 114:         CCP1CONbits.DC1B = 0b11;
   682   000838  0E30               	movlw	48
   683   00083A  12BD               	iorwf	189,f,c	;volatile
   684                           
   685                           ;Final_3a.c: 115:     }else if(AD_total < 650){
   686   00083C  EFE4  F004         	goto	i2l47
   687   000840                     i2l1044:
   688   000840  BE0B               	btfsc	(H_ISR@AD_total+1)^0,7,c
   689   000842  EF2E  F004         	goto	i2u49_40
   690   000846  0E8A               	movlw	138
   691   000848  5C0A               	subwf	H_ISR@AD_total^0,w,c
   692   00084A  0E02               	movlw	2
   693   00084C  580B               	subwfb	(H_ISR@AD_total+1)^0,w,c
   694   00084E  B0D8               	btfsc	status,0,c
   695   000850  EF2C  F004         	goto	i2u49_41
   696   000854  EF2E  F004         	goto	i2u49_40
   697   000858                     i2u49_41:
   698   000858  EF36  F004         	goto	i2l1048
   699   00085C                     i2u49_40:
   700   00085C                     
   701                           ;Final_3a.c: 116:         CCPR1L = 0x10;
   702   00085C  0E10               	movlw	16
   703   00085E  6EBE               	movwf	190,c	;volatile
   704                           
   705                           ;Final_3a.c: 117:         CCP1CONbits.DC1B = 0b01;
   706   000860  50BD               	movf	189,w,c	;volatile
   707   000862  0BCF               	andlw	-49
   708   000864  0910               	iorlw	16
   709   000866  6EBD               	movwf	189,c	;volatile
   710                           
   711                           ;Final_3a.c: 118:     }else if(AD_total < 700){
   712   000868  EFE4  F004         	goto	i2l47
   713   00086C                     i2l1048:
   714   00086C  BE0B               	btfsc	(H_ISR@AD_total+1)^0,7,c
   715   00086E  EF44  F004         	goto	i2u50_40
   716   000872  0EBC               	movlw	188
   717   000874  5C0A               	subwf	H_ISR@AD_total^0,w,c
   718   000876  0E02               	movlw	2
   719   000878  580B               	subwfb	(H_ISR@AD_total+1)^0,w,c
   720   00087A  B0D8               	btfsc	status,0,c
   721   00087C  EF42  F004         	goto	i2u50_41
   722   000880  EF44  F004         	goto	i2u50_40
   723   000884                     i2u50_41:
   724   000884  EF4C  F004         	goto	i2l1052
   725   000888                     i2u50_40:
   726   000888                     
   727                           ;Final_3a.c: 119:         CCPR1L = 0x11;
   728   000888  0E11               	movlw	17
   729   00088A  6EBE               	movwf	190,c	;volatile
   730                           
   731                           ;Final_3a.c: 120:         CCP1CONbits.DC1B = 0b10;
   732   00088C  50BD               	movf	189,w,c	;volatile
   733   00088E  0BCF               	andlw	-49
   734   000890  0920               	iorlw	32
   735   000892  6EBD               	movwf	189,c	;volatile
   736                           
   737                           ;Final_3a.c: 121:     }
   738   000894  EFE4  F004         	goto	i2l47
   739   000898                     i2l1052:
   740   000898  BE0B               	btfsc	(H_ISR@AD_total+1)^0,7,c
   741   00089A  EF5A  F004         	goto	i2u51_40
   742   00089E  0EEE               	movlw	238
   743   0008A0  5C0A               	subwf	H_ISR@AD_total^0,w,c
   744   0008A2  0E02               	movlw	2
   745   0008A4  580B               	subwfb	(H_ISR@AD_total+1)^0,w,c
   746   0008A6  B0D8               	btfsc	status,0,c
   747   0008A8  EF58  F004         	goto	i2u51_41
   748   0008AC  EF5A  F004         	goto	i2u51_40
   749   0008B0                     i2u51_41:
   750   0008B0  EF60  F004         	goto	i2l1056
   751   0008B4                     i2u51_40:
   752   0008B4                     
   753                           ;Final_3a.c: 123:         CCPR1L = 0x12;
   754   0008B4  0E12               	movlw	18
   755   0008B6  6EBE               	movwf	190,c	;volatile
   756                           
   757                           ;Final_3a.c: 124:         CCP1CONbits.DC1B = 0b11;
   758   0008B8  0E30               	movlw	48
   759   0008BA  12BD               	iorwf	189,f,c	;volatile
   760                           
   761                           ;Final_3a.c: 125:     }else if(AD_total < 800){
   762   0008BC  EFE4  F004         	goto	i2l47
   763   0008C0                     i2l1056:
   764   0008C0  BE0B               	btfsc	(H_ISR@AD_total+1)^0,7,c
   765   0008C2  EF6E  F004         	goto	i2u52_40
   766   0008C6  0E20               	movlw	32
   767   0008C8  5C0A               	subwf	H_ISR@AD_total^0,w,c
   768   0008CA  0E03               	movlw	3
   769   0008CC  580B               	subwfb	(H_ISR@AD_total+1)^0,w,c
   770   0008CE  B0D8               	btfsc	status,0,c
   771   0008D0  EF6C  F004         	goto	i2u52_41
   772   0008D4  EF6E  F004         	goto	i2u52_40
   773   0008D8                     i2u52_41:
   774   0008D8  EF76  F004         	goto	i2l1060
   775   0008DC                     i2u52_40:
   776   0008DC                     
   777                           ;Final_3a.c: 126:         CCPR1L = 0x13;
   778   0008DC  0E13               	movlw	19
   779   0008DE  6EBE               	movwf	190,c	;volatile
   780                           
   781                           ;Final_3a.c: 127:         CCP1CONbits.DC1B = 0b01;
   782   0008E0  50BD               	movf	189,w,c	;volatile
   783   0008E2  0BCF               	andlw	-49
   784   0008E4  0910               	iorlw	16
   785   0008E6  6EBD               	movwf	189,c	;volatile
   786                           
   787                           ;Final_3a.c: 128:     }else if(AD_total < 850){
   788   0008E8  EFE4  F004         	goto	i2l47
   789   0008EC                     i2l1060:
   790   0008EC  BE0B               	btfsc	(H_ISR@AD_total+1)^0,7,c
   791   0008EE  EF84  F004         	goto	i2u53_40
   792   0008F2  0E52               	movlw	82
   793   0008F4  5C0A               	subwf	H_ISR@AD_total^0,w,c
   794   0008F6  0E03               	movlw	3
   795   0008F8  580B               	subwfb	(H_ISR@AD_total+1)^0,w,c
   796   0008FA  B0D8               	btfsc	status,0,c
   797   0008FC  EF82  F004         	goto	i2u53_41
   798   000900  EF84  F004         	goto	i2u53_40
   799   000904                     i2u53_41:
   800   000904  EF8C  F004         	goto	i2l1064
   801   000908                     i2u53_40:
   802   000908                     
   803                           ;Final_3a.c: 129:         CCPR1L = 0x14;
   804   000908  0E14               	movlw	20
   805   00090A  6EBE               	movwf	190,c	;volatile
   806                           
   807                           ;Final_3a.c: 130:         CCP1CONbits.DC1B = 0b10;
   808   00090C  50BD               	movf	189,w,c	;volatile
   809   00090E  0BCF               	andlw	-49
   810   000910  0920               	iorlw	32
   811   000912  6EBD               	movwf	189,c	;volatile
   812                           
   813                           ;Final_3a.c: 131:     }
   814   000914  EFE4  F004         	goto	i2l47
   815   000918                     i2l1064:
   816   000918  BE0B               	btfsc	(H_ISR@AD_total+1)^0,7,c
   817   00091A  EF9A  F004         	goto	i2u54_40
   818   00091E  0E84               	movlw	132
   819   000920  5C0A               	subwf	H_ISR@AD_total^0,w,c
   820   000922  0E03               	movlw	3
   821   000924  580B               	subwfb	(H_ISR@AD_total+1)^0,w,c
   822   000926  B0D8               	btfsc	status,0,c
   823   000928  EF98  F004         	goto	i2u54_41
   824   00092C  EF9A  F004         	goto	i2u54_40
   825   000930                     i2u54_41:
   826   000930  EFA0  F004         	goto	i2l1068
   827   000934                     i2u54_40:
   828   000934                     
   829                           ;Final_3a.c: 133:         CCPR1L = 0x15;
   830   000934  0E15               	movlw	21
   831   000936  6EBE               	movwf	190,c	;volatile
   832                           
   833                           ;Final_3a.c: 134:         CCP1CONbits.DC1B = 0b11;
   834   000938  0E30               	movlw	48
   835   00093A  12BD               	iorwf	189,f,c	;volatile
   836                           
   837                           ;Final_3a.c: 135:     }else if(AD_total < 950){
   838   00093C  EFE4  F004         	goto	i2l47
   839   000940                     i2l1068:
   840   000940  BE0B               	btfsc	(H_ISR@AD_total+1)^0,7,c
   841   000942  EFAE  F004         	goto	i2u55_40
   842   000946  0EB6               	movlw	182
   843   000948  5C0A               	subwf	H_ISR@AD_total^0,w,c
   844   00094A  0E03               	movlw	3
   845   00094C  580B               	subwfb	(H_ISR@AD_total+1)^0,w,c
   846   00094E  B0D8               	btfsc	status,0,c
   847   000950  EFAC  F004         	goto	i2u55_41
   848   000954  EFAE  F004         	goto	i2u55_40
   849   000958                     i2u55_41:
   850   000958  EFB6  F004         	goto	i2l1072
   851   00095C                     i2u55_40:
   852   00095C                     
   853                           ;Final_3a.c: 136:         CCPR1L = 0x16;
   854   00095C  0E16               	movlw	22
   855   00095E  6EBE               	movwf	190,c	;volatile
   856                           
   857                           ;Final_3a.c: 137:         CCP1CONbits.DC1B = 0b01;
   858   000960  50BD               	movf	189,w,c	;volatile
   859   000962  0BCF               	andlw	-49
   860   000964  0910               	iorlw	16
   861   000966  6EBD               	movwf	189,c	;volatile
   862                           
   863                           ;Final_3a.c: 138:     }else if(AD_total < 1000){
   864   000968  EFE4  F004         	goto	i2l47
   865   00096C                     i2l1072:
   866   00096C  BE0B               	btfsc	(H_ISR@AD_total+1)^0,7,c
   867   00096E  EFC4  F004         	goto	i2u56_40
   868   000972  0EE8               	movlw	232
   869   000974  5C0A               	subwf	H_ISR@AD_total^0,w,c
   870   000976  0E03               	movlw	3
   871   000978  580B               	subwfb	(H_ISR@AD_total+1)^0,w,c
   872   00097A  B0D8               	btfsc	status,0,c
   873   00097C  EFC2  F004         	goto	i2u56_41
   874   000980  EFC4  F004         	goto	i2u56_40
   875   000984                     i2u56_41:
   876   000984  EFCC  F004         	goto	i2l1076
   877   000988                     i2u56_40:
   878   000988                     
   879                           ;Final_3a.c: 139:         CCPR1L = 0x17;
   880   000988  0E17               	movlw	23
   881   00098A  6EBE               	movwf	190,c	;volatile
   882                           
   883                           ;Final_3a.c: 140:         CCP1CONbits.DC1B = 0b10;
   884   00098C  50BD               	movf	189,w,c	;volatile
   885   00098E  0BCF               	andlw	-49
   886   000990  0920               	iorlw	32
   887   000992  6EBD               	movwf	189,c	;volatile
   888                           
   889                           ;Final_3a.c: 141:     }
   890   000994  EFE4  F004         	goto	i2l47
   891   000998                     i2l1076:
   892   000998  BE0B               	btfsc	(H_ISR@AD_total+1)^0,7,c
   893   00099A  EFDA  F004         	goto	i2u57_40
   894   00099E  0E1A               	movlw	26
   895   0009A0  5C0A               	subwf	H_ISR@AD_total^0,w,c
   896   0009A2  0E04               	movlw	4
   897   0009A4  580B               	subwfb	(H_ISR@AD_total+1)^0,w,c
   898   0009A6  B0D8               	btfsc	status,0,c
   899   0009A8  EFD8  F004         	goto	i2u57_41
   900   0009AC  EFDA  F004         	goto	i2u57_40
   901   0009B0                     i2u57_41:
   902   0009B0  EFE0  F004         	goto	i2l1080
   903   0009B4                     i2u57_40:
   904   0009B4                     
   905                           ;Final_3a.c: 143:         CCPR1L = 0x18;
   906   0009B4  0E18               	movlw	24
   907   0009B6  6EBE               	movwf	190,c	;volatile
   908                           
   909                           ;Final_3a.c: 144:         CCP1CONbits.DC1B = 0b11;
   910   0009B8  0E30               	movlw	48
   911   0009BA  12BD               	iorwf	189,f,c	;volatile
   912                           
   913                           ;Final_3a.c: 145:     }else{
   914   0009BC  EFE4  F004         	goto	i2l47
   915   0009C0                     i2l1080:
   916                           
   917                           ;Final_3a.c: 146:         CCPR1L = 0x19;
   918   0009C0  0E19               	movlw	25
   919   0009C2  6EBE               	movwf	190,c	;volatile
   920                           
   921                           ;Final_3a.c: 147:         CCP1CONbits.DC1B = 0b11;
   922   0009C4  0E30               	movlw	48
   923   0009C6  12BD               	iorwf	189,f,c	;volatile
   924   0009C8                     i2l47:
   925                           
   926                           ;Final_3a.c: 158:     for(unsigned char i = 0; i < 244;i++);
   927   0009C8  0E00               	movlw	0
   928   0009CA  6E09               	movwf	H_ISR@i^0,c
   929   0009CC                     i2l1086:
   930   0009CC  2A09               	incf	H_ISR@i^0,f,c
   931   0009CE  0EF3               	movlw	243
   932   0009D0  6409               	cpfsgt	H_ISR@i^0,c
   933   0009D2  EFED  F004         	goto	i2u58_41
   934   0009D6  EFEF  F004         	goto	i2u58_40
   935   0009DA                     i2u58_41:
   936   0009DA  EFE6  F004         	goto	i2l1086
   937   0009DE                     i2u58_40:
   938   0009DE                     
   939                           ;Final_3a.c: 160:     PIR1bits.ADIF = 0;
   940   0009DE  9C9E               	bcf	158,6,c	;volatile
   941                           
   942                           ;Final_3a.c: 165:     ADCON0bits.GO = 1;
   943   0009E0  82C2               	bsf	194,1,c	;volatile
   944   0009E2                     i2l90:
   945   0009E2  920C               	bcf	int$flags,1,c	;clear compiler interrupt flag (level 2)
   946   0009E4  0011               	retfie		f
   947   0009E6                     __end_of_H_ISR:
   948                           	callstack 0
   949                           
   950 ;; *************** function ___awmod *****************
   951 ;; Defined at:
   952 ;;		line 7 in file "C:\Program Files\Microchip\xc8\v2.45\pic\sources\c99\common\awmod.c"
   953 ;; Parameters:    Size  Location     Type
   954 ;;  dividend        2    0[COMRAM] int 
   955 ;;  divisor         2    2[COMRAM] int 
   956 ;; Auto vars:     Size  Location     Type
   957 ;;  sign            1    5[COMRAM] unsigned char 
   958 ;;  counter         1    4[COMRAM] unsigned char 
   959 ;; Return value:  Size  Location     Type
   960 ;;                  2    0[COMRAM] int 
   961 ;; Registers used:
   962 ;;		wreg, status,2, status,0
   963 ;; Tracked objects:
   964 ;;		On entry : 0/0
   965 ;;		On exit  : 0/0
   966 ;;		Unchanged: 0/0
   967 ;; Data sizes:     COMRAM   BANK0   BANK1   BANK2   BANK3   BANK4   BANK5
   968 ;;      Params:         4       0       0       0       0       0       0
   969 ;;      Locals:         2       0       0       0       0       0       0
   970 ;;      Temps:          0       0       0       0       0       0       0
   971 ;;      Totals:         6       0       0       0       0       0       0
   972 ;;Total ram usage:        6 bytes
   973 ;; Hardware stack levels used: 1
   974 ;; This function calls:
   975 ;;		Nothing
   976 ;; This function is called by:
   977 ;;		_H_ISR
   978 ;; This function uses a non-reentrant model
   979 ;;
   980                           
   981                           	psect	text2
   982   0009E6                     __ptext2:
   983                           	callstack 0
   984   0009E6                     ___awmod:
   985                           	callstack 29
   986   0009E6  0E00               	movlw	0
   987   0009E8  6E06               	movwf	___awmod@sign^0,c
   988   0009EA  BE02               	btfsc	(___awmod@dividend+1)^0,7,c
   989   0009EC  EFFC  F004         	goto	i2u30_40
   990   0009F0  EFFA  F004         	goto	i2u30_41
   991   0009F4                     i2u30_41:
   992   0009F4  EF02  F005         	goto	i2l958
   993   0009F8                     i2u30_40:
   994   0009F8  6C01               	negf	___awmod@dividend^0,c
   995   0009FA  1E02               	comf	(___awmod@dividend+1)^0,f,c
   996   0009FC  B0D8               	btfsc	status,0,c
   997   0009FE  2A02               	incf	(___awmod@dividend+1)^0,f,c
   998   000A00  0E01               	movlw	1
   999   000A02  6E06               	movwf	___awmod@sign^0,c
  1000   000A04                     i2l958:
  1001   000A04  BE04               	btfsc	(___awmod@divisor+1)^0,7,c
  1002   000A06  EF09  F005         	goto	i2u31_40
  1003   000A0A  EF07  F005         	goto	i2u31_41
  1004   000A0E                     i2u31_41:
  1005   000A0E  EF0D  F005         	goto	i2l962
  1006   000A12                     i2u31_40:
  1007   000A12  6C03               	negf	___awmod@divisor^0,c
  1008   000A14  1E04               	comf	(___awmod@divisor+1)^0,f,c
  1009   000A16  B0D8               	btfsc	status,0,c
  1010   000A18  2A04               	incf	(___awmod@divisor+1)^0,f,c
  1011   000A1A                     i2l962:
  1012   000A1A  5003               	movf	___awmod@divisor^0,w,c
  1013   000A1C  1004               	iorwf	(___awmod@divisor+1)^0,w,c
  1014   000A1E  B4D8               	btfsc	status,2,c
  1015   000A20  EF14  F005         	goto	i2u32_41
  1016   000A24  EF16  F005         	goto	i2u32_40
  1017   000A28                     i2u32_41:
  1018   000A28  EF3A  F005         	goto	i2l978
  1019   000A2C                     i2u32_40:
  1020   000A2C  0E01               	movlw	1
  1021   000A2E  6E05               	movwf	___awmod@counter^0,c
  1022   000A30  EF1E  F005         	goto	i2l968
  1023   000A34                     i2l966:
  1024   000A34  90D8               	bcf	status,0,c
  1025   000A36  3603               	rlcf	___awmod@divisor^0,f,c
  1026   000A38  3604               	rlcf	(___awmod@divisor+1)^0,f,c
  1027   000A3A  2A05               	incf	___awmod@counter^0,f,c
  1028   000A3C                     i2l968:
  1029   000A3C  AE04               	btfss	(___awmod@divisor+1)^0,7,c
  1030   000A3E  EF23  F005         	goto	i2u33_41
  1031   000A42  EF25  F005         	goto	i2u33_40
  1032   000A46                     i2u33_41:
  1033   000A46  EF1A  F005         	goto	i2l966
  1034   000A4A                     i2u33_40:
  1035   000A4A                     i2l970:
  1036   000A4A  5003               	movf	___awmod@divisor^0,w,c
  1037   000A4C  5C01               	subwf	___awmod@dividend^0,w,c
  1038   000A4E  5004               	movf	(___awmod@divisor+1)^0,w,c
  1039   000A50  5802               	subwfb	(___awmod@dividend+1)^0,w,c
  1040   000A52  A0D8               	btfss	status,0,c
  1041   000A54  EF2E  F005         	goto	i2u34_41
  1042   000A58  EF30  F005         	goto	i2u34_40
  1043   000A5C                     i2u34_41:
  1044   000A5C  EF34  F005         	goto	i2l974
  1045   000A60                     i2u34_40:
  1046   000A60  5003               	movf	___awmod@divisor^0,w,c
  1047   000A62  5E01               	subwf	___awmod@dividend^0,f,c
  1048   000A64  5004               	movf	(___awmod@divisor+1)^0,w,c
  1049   000A66  5A02               	subwfb	(___awmod@dividend+1)^0,f,c
  1050   000A68                     i2l974:
  1051   000A68  90D8               	bcf	status,0,c
  1052   000A6A  3204               	rrcf	(___awmod@divisor+1)^0,f,c
  1053   000A6C  3203               	rrcf	___awmod@divisor^0,f,c
  1054   000A6E  2E05               	decfsz	___awmod@counter^0,f,c
  1055   000A70  EF25  F005         	goto	i2l970
  1056   000A74                     i2l978:
  1057   000A74  5006               	movf	___awmod@sign^0,w,c
  1058   000A76  B4D8               	btfsc	status,2,c
  1059   000A78  EF40  F005         	goto	i2u35_41
  1060   000A7C  EF42  F005         	goto	i2u35_40
  1061   000A80                     i2u35_41:
  1062   000A80  EF46  F005         	goto	i2l982
  1063   000A84                     i2u35_40:
  1064   000A84  6C01               	negf	___awmod@dividend^0,c
  1065   000A86  1E02               	comf	(___awmod@dividend+1)^0,f,c
  1066   000A88  B0D8               	btfsc	status,0,c
  1067   000A8A  2A02               	incf	(___awmod@dividend+1)^0,f,c
  1068   000A8C                     i2l982:
  1069   000A8C  C001  F001         	movff	___awmod@dividend,?___awmod
  1070   000A90  C002  F002         	movff	___awmod@dividend+1,?___awmod+1
  1071   000A94  0012               	return		;funcret
  1072   000A96                     __end_of___awmod:
  1073                           	callstack 0
  1074                           
  1075                           	psect	smallconst
  1076   000600                     __psmallconst:
  1077                           	callstack 0
  1078   000600  00                 	db	0
  1079   000601  00                 	db	0	; dummy byte at the end
  1080   000000                     
  1081                           	psect	rparam
  1082   000000                     
  1083                           	psect	temp
  1084   00000C                     btemp:
  1085                           	callstack 0
  1086   00000C                     	ds	1
  1087   000000                     int$flags	set	btemp
  1088   000000                     wtemp8	set	btemp+1
  1089   000000                     ttemp5	set	btemp+1
  1090   000000                     ttemp6	set	btemp+4
  1091   000000                     ttemp7	set	btemp+8
  1092                           
  1093                           	psect	idloc
  1094                           
  1095                           ;Config register IDLOC0 @ 0x200000
  1096                           ;	unspecified, using default values
  1097   200000                     	org	2097152
  1098   200000  FF                 	db	255
  1099                           
  1100                           ;Config register IDLOC1 @ 0x200001
  1101                           ;	unspecified, using default values
  1102   200001                     	org	2097153
  1103   200001  FF                 	db	255
  1104                           
  1105                           ;Config register IDLOC2 @ 0x200002
  1106                           ;	unspecified, using default values
  1107   200002                     	org	2097154
  1108   200002  FF                 	db	255
  1109                           
  1110                           ;Config register IDLOC3 @ 0x200003
  1111                           ;	unspecified, using default values
  1112   200003                     	org	2097155
  1113   200003  FF                 	db	255
  1114                           
  1115                           ;Config register IDLOC4 @ 0x200004
  1116                           ;	unspecified, using default values
  1117   200004                     	org	2097156
  1118   200004  FF                 	db	255
  1119                           
  1120                           ;Config register IDLOC5 @ 0x200005
  1121                           ;	unspecified, using default values
  1122   200005                     	org	2097157
  1123   200005  FF                 	db	255
  1124                           
  1125                           ;Config register IDLOC6 @ 0x200006
  1126                           ;	unspecified, using default values
  1127   200006                     	org	2097158
  1128   200006  FF                 	db	255
  1129                           
  1130                           ;Config register IDLOC7 @ 0x200007
  1131                           ;	unspecified, using default values
  1132   200007                     	org	2097159
  1133   200007  FF                 	db	255
  1134                           
  1135                           	psect	config
  1136                           
  1137                           ; Padding undefined space
  1138   300000                     	org	3145728
  1139   300000  FF                 	db	255
  1140                           
  1141                           ;Config register CONFIG1H @ 0x300001
  1142                           ;	Oscillator Selection bits
  1143                           ;	OSC = INTIO67, Internal oscillator block, port function on RA6 and RA7
  1144                           ;	Fail-Safe Clock Monitor Enable bit
  1145                           ;	FCMEN = OFF, Fail-Safe Clock Monitor disabled
  1146                           ;	Internal/External Oscillator Switchover bit
  1147                           ;	IESO = OFF, Oscillator Switchover mode disabled
  1148   300001                     	org	3145729
  1149   300001  08                 	db	8
  1150                           
  1151                           ;Config register CONFIG2L @ 0x300002
  1152                           ;	Power-up Timer Enable bit
  1153                           ;	PWRT = OFF, PWRT disabled
  1154                           ;	Brown-out Reset Enable bits
  1155                           ;	BOREN = SBORDIS, Brown-out Reset enabled in hardware only (SBOREN is disabled)
  1156                           ;	Brown Out Reset Voltage bits
  1157                           ;	BORV = 3, Minimum setting
  1158   300002                     	org	3145730
  1159   300002  1F                 	db	31
  1160                           
  1161                           ;Config register CONFIG2H @ 0x300003
  1162                           ;	Watchdog Timer Enable bit
  1163                           ;	WDT = OFF, WDT disabled (control is placed on the SWDTEN bit)
  1164                           ;	Watchdog Timer Postscale Select bits
  1165                           ;	WDTPS = 32768, 1:32768
  1166   300003                     	org	3145731
  1167   300003  1E                 	db	30
  1168                           
  1169                           ; Padding undefined space
  1170   300004                     	org	3145732
  1171   300004  FF                 	db	255
  1172                           
  1173                           ;Config register CONFIG3H @ 0x300005
  1174                           ;	CCP2 MUX bit
  1175                           ;	CCP2MX = PORTC, CCP2 input/output is multiplexed with RC1
  1176                           ;	PORTB A/D Enable bit
  1177                           ;	PBADEN = ON, PORTB<4:0> pins are configured as analog input channels on Reset
  1178                           ;	Low-Power Timer1 Oscillator Enable bit
  1179                           ;	LPT1OSC = OFF, Timer1 configured for higher power operation
  1180                           ;	MCLR Pin Enable bit
  1181                           ;	MCLRE = ON, MCLR pin enabled; RE3 input pin disabled
  1182   300005                     	org	3145733
  1183   300005  83                 	db	131
  1184                           
  1185                           ;Config register CONFIG4L @ 0x300006
  1186                           ;	Stack Full/Underflow Reset Enable bit
  1187                           ;	STVREN = ON, Stack full/underflow will cause Reset
  1188                           ;	Single-Supply ICSP Enable bit
  1189                           ;	LVP = OFF, Single-Supply ICSP disabled
  1190                           ;	Extended Instruction Set Enable bit
  1191                           ;	XINST = OFF, Instruction set extension and Indexed Addressing mode disabled (Legacy mo
      +                          de)
  1192                           ;	Background Debugger Enable bit
  1193                           ;	DEBUG = 0x1, unprogrammed default
  1194   300006                     	org	3145734
  1195   300006  81                 	db	129
  1196                           
  1197                           ; Padding undefined space
  1198   300007                     	org	3145735
  1199   300007  FF                 	db	255
  1200                           
  1201                           ;Config register CONFIG5L @ 0x300008
  1202                           ;	Code Protection bit
  1203                           ;	CP0 = OFF, Block 0 (000800-001FFFh) not code-protected
  1204                           ;	Code Protection bit
  1205                           ;	CP1 = OFF, Block 1 (002000-003FFFh) not code-protected
  1206                           ;	Code Protection bit
  1207                           ;	CP2 = OFF, Block 2 (004000-005FFFh) not code-protected
  1208                           ;	Code Protection bit
  1209                           ;	CP3 = OFF, Block 3 (006000-007FFFh) not code-protected
  1210   300008                     	org	3145736
  1211   300008  0F                 	db	15
  1212                           
  1213                           ;Config register CONFIG5H @ 0x300009
  1214                           ;	Boot Block Code Protection bit
  1215                           ;	CPB = OFF, Boot block (000000-0007FFh) not code-protected
  1216                           ;	Data EEPROM Code Protection bit
  1217                           ;	CPD = OFF, Data EEPROM not code-protected
  1218   300009                     	org	3145737
  1219   300009  C0                 	db	192
  1220                           
  1221                           ;Config register CONFIG6L @ 0x30000A
  1222                           ;	Write Protection bit
  1223                           ;	WRT0 = OFF, Block 0 (000800-001FFFh) not write-protected
  1224                           ;	Write Protection bit
  1225                           ;	WRT1 = OFF, Block 1 (002000-003FFFh) not write-protected
  1226                           ;	Write Protection bit
  1227                           ;	WRT2 = OFF, Block 2 (004000-005FFFh) not write-protected
  1228                           ;	Write Protection bit
  1229                           ;	WRT3 = OFF, Block 3 (006000-007FFFh) not write-protected
  1230   30000A                     	org	3145738
  1231   30000A  0F                 	db	15
  1232                           
  1233                           ;Config register CONFIG6H @ 0x30000B
  1234                           ;	Configuration Register Write Protection bit
  1235                           ;	WRTC = OFF, Configuration registers (300000-3000FFh) not write-protected
  1236                           ;	Boot Block Write Protection bit
  1237                           ;	WRTB = OFF, Boot block (000000-0007FFh) not write-protected
  1238                           ;	Data EEPROM Write Protection bit
  1239                           ;	WRTD = OFF, Data EEPROM not write-protected
  1240   30000B                     	org	3145739
  1241   30000B  E0                 	db	224
  1242                           
  1243                           ;Config register CONFIG7L @ 0x30000C
  1244                           ;	Table Read Protection bit
  1245                           ;	EBTR0 = OFF, Block 0 (000800-001FFFh) not protected from table reads executed in other
      +                           blocks
  1246                           ;	Table Read Protection bit
  1247                           ;	EBTR1 = OFF, Block 1 (002000-003FFFh) not protected from table reads executed in other
      +                           blocks
  1248                           ;	Table Read Protection bit
  1249                           ;	EBTR2 = OFF, Block 2 (004000-005FFFh) not protected from table reads executed in other
      +                           blocks
  1250                           ;	Table Read Protection bit
  1251                           ;	EBTR3 = OFF, Block 3 (006000-007FFFh) not protected from table reads executed in other
      +                           blocks
  1252   30000C                     	org	3145740
  1253   30000C  0F                 	db	15
  1254                           
  1255                           ;Config register CONFIG7H @ 0x30000D
  1256                           ;	Boot Block Table Read Protection bit
  1257                           ;	EBTRB = OFF, Boot block (000000-0007FFh) not protected from table reads executed in ot
      +                          her blocks
  1258   30000D                     	org	3145741
  1259   30000D  40                 	db	64
  1260                           tosu	equ	0xFFF
  1261                           tosh	equ	0xFFE
  1262                           tosl	equ	0xFFD
  1263                           stkptr	equ	0xFFC
  1264                           pclatu	equ	0xFFB
  1265                           pclath	equ	0xFFA
  1266                           pcl	equ	0xFF9
  1267                           tblptru	equ	0xFF8
  1268                           tblptrh	equ	0xFF7
  1269                           tblptrl	equ	0xFF6
  1270                           tablat	equ	0xFF5
  1271                           prodh	equ	0xFF4
  1272                           prodl	equ	0xFF3
  1273                           indf0	equ	0xFEF
  1274                           postinc0	equ	0xFEE
  1275                           postdec0	equ	0xFED
  1276                           preinc0	equ	0xFEC
  1277                           plusw0	equ	0xFEB
  1278                           fsr0h	equ	0xFEA
  1279                           fsr0l	equ	0xFE9
  1280                           wreg	equ	0xFE8
  1281                           indf1	equ	0xFE7
  1282                           postinc1	equ	0xFE6
  1283                           postdec1	equ	0xFE5
  1284                           preinc1	equ	0xFE4
  1285                           plusw1	equ	0xFE3
  1286                           fsr1h	equ	0xFE2
  1287                           fsr1l	equ	0xFE1
  1288                           bsr	equ	0xFE0
  1289                           indf2	equ	0xFDF
  1290                           postinc2	equ	0xFDE
  1291                           postdec2	equ	0xFDD
  1292                           preinc2	equ	0xFDC
  1293                           plusw2	equ	0xFDB
  1294                           fsr2h	equ	0xFDA
  1295                           fsr2l	equ	0xFD9
  1296                           status	equ	0xFD8

Data Sizes:
    Strings     0
    Constant    0
    Data        0
    BSS         0
    Persistent  0
    Stack       0

Auto Spaces:
    Space          Size  Autos    Used
    COMRAM          126     11      11
    BANK0           128      0       0
    BANK1           256      0       0
    BANK2           256      0       0
    BANK3           256      0       0
    BANK4           256      0       0
    BANK5           244      0       0

Pointer List with Targets:

    None.

Critical Paths under _main in COMRAM

    None.

Critical Paths under _H_ISR in COMRAM

    _H_ISR->___awmod

Critical Paths under _main in BANK0

    None.

Critical Paths under _H_ISR in BANK0

    None.

Critical Paths under _main in BANK1

    None.

Critical Paths under _H_ISR in BANK1

    None.

Critical Paths under _main in BANK2

    None.

Critical Paths under _H_ISR in BANK2

    None.

Critical Paths under _main in BANK3

    None.

Critical Paths under _H_ISR in BANK3

    None.

Critical Paths under _main in BANK4

    None.

Critical Paths under _H_ISR in BANK4

    None.

Critical Paths under _main in BANK5

    None.

Critical Paths under _H_ISR in BANK5

    None.

Call Graph Tables:

 ---------------------------------------------------------------------------------
 (Depth) Function   	        Calls       Base Space   Used Autos Params    Refs
 ---------------------------------------------------------------------------------
 (0) _main                                                 0     0      0       0
 ---------------------------------------------------------------------------------
 Estimated maximum stack depth 0
 ---------------------------------------------------------------------------------
 (Depth) Function   	        Calls       Base Space   Used Autos Params    Refs
 ---------------------------------------------------------------------------------
 (1) _H_ISR                                                9     9      0     982
                                              6 COMRAM     5     5      0
                            ___awmod
 ---------------------------------------------------------------------------------
 (2) ___awmod                                              6     2      4     448
                                              0 COMRAM     6     2      4
 ---------------------------------------------------------------------------------
 Estimated maximum stack depth 2
 ---------------------------------------------------------------------------------

 Call Graph Graphs:

 _main (ROOT)

 _H_ISR (ROOT)
   ___awmod

 Address spaces:
Name               Size   Autos  Total    Cost      Usage
BITCOMRAM           7E      0       0       0        0.0%
EEDATA             100      0       0       0        0.0%
NULL                 0      0       0       0        0.0%
CODE                 0      0       0       0        0.0%
COMRAM              7E      B       B       1        8.7%
STACK                0      0       0       2        0.0%
BITBANK0            80      0       0       3        0.0%
BANK0               80      0       0       4        0.0%
BITBANK1           100      0       0       5        0.0%
BANK1              100      0       0       6        0.0%
BITBANK2           100      0       0       7        0.0%
BANK2              100      0       0       8        0.0%
BITBANK3           100      0       0       9        0.0%
BANK3              100      0       0      10        0.0%
BITBANK4           100      0       0      11        0.0%
BANK4              100      0       0      12        0.0%
BITBANK5            F4      0       0      13        0.0%
BANK5               F4      0       0      14        0.0%
BITBIGSFR_5h         A      0       0      15        0.0%
BITBIGSFR_5l         2      0       0      16        0.0%
BITBIGSFR_4          3      0       0      17        0.0%
BITBIGSFR_3          3      0       0      18        0.0%
BITBIGSFR_2          6      0       0      19        0.0%
BITBIGSFR_1hhh       2      0       0      20        0.0%
BITBIGSFR_1hhlh      4      0       0      21        0.0%
BITBIGSFR_1hhll      5      0       0      22        0.0%
BITBIGSFR_1hlh       1      0       0      23        0.0%
BITBIGSFR_1hll      1E      0       0      24        0.0%
BITBIGSFRhh          7      0       0      25        0.0%
BITBIGSFRhl          6      0       0      26        0.0%
BITBIGSFRlh          9      0       0      27        0.0%
BITBIGSFRll          1      0       0      28        0.0%
ABS                  0      0       0      29        0.0%
BIGRAM             5F3      0       0      30        0.0%
DATA                 0      0       0      31        0.0%
BIGSFR_5             0      0       0     200        0.0%
BIGSFR_4             0      0       0     200        0.0%
BIGSFR_3             0      0       0     200        0.0%
BIGSFR_2             0      0       0     200        0.0%
BIGSFR_1             0      0       0     200        0.0%
BIGSFR               0      0       0     200        0.0%
BITSFR_5             0      0       0     200        0.0%
SFR_5                0      0       0     200        0.0%
BITSFR_4             0      0       0     200        0.0%
SFR_4                0      0       0     200        0.0%
BITSFR_3             0      0       0     200        0.0%
SFR_3                0      0       0     200        0.0%
BITSFR_2             0      0       0     200        0.0%
SFR_2                0      0       0     200        0.0%
BITSFR_1             0      0       0     200        0.0%
SFR_1                0      0       0     200        0.0%
BITSFR               0      0       0     200        0.0%
SFR                  0      0       0     200        0.0%


Microchip Technology PIC18 Macro Assembler V2.45 build 20230818022343 
Symbol Table                                                                                   Sun Jan 07 18:50:16 2024

                     l95 0B10                       l96 0B10                      l920 0A9E  
                    l930 0AD8                      l922 0AA0                      l914 0A96  
                    l940 0B06                      l932 0AE2                      l924 0AA2  
                    l916 0A9A                      l942 0B08                      l934 0AE4  
                    l926 0AA4                      l918 0A9C                      l944 0B0A  
                    l936 0B02                      l928 0AA6                      l946 0B0C  
                    l938 0B04                      l948 0B0E                      _PR2 0FCB  
           ___awmod@sign 0006                     _LATC 0F8B                     i2l47 09C8  
                   i2l90 09E2                     i2l89 09DE                     _main 0A96  
                   btemp 000C                     start 000E             ___param_bank 0000  
                  ?_main 0001          __end_of___awmod 0A96                    i2l345 0A94  
                  i2l950 09E6                    i2l960 0A12                    i2l952 09EA  
                  i2l970 0A4A                    i2l962 0A1A                    i2l954 09F8  
                  i2l980 0A84                    i2l972 0A60                    i2l964 0A2C  
                  i2l956 0A00                    i2l982 0A8C                    i2l974 0A68  
                  i2l966 0A34                    i2l958 0A04                    i2l990 0616  
                  i2l976 0A6E                    i2l968 0A3C                    i2l992 0628  
                  i2l978 0A74                    i2l994 063C                    i2l986 0604  
                  i2l996 0640                    i2l988 0612                    i2l998 065C  
                  _H_ISR 0008                    _TRISC 0F94                    ttemp5 000D  
                  ttemp6 0010                    ttemp7 0014                    status 0FD8  
                  wtemp8 000D          __initialization 0B18             __end_of_main 0B18  
                 ??_main 000C            __activetblptr 0000                   ?_H_ISR 0001  
                 H_ISR@i 0009                   _ADCON1 0FC1                   _ADRESH 0FC4  
                 _ADRESL 0FC3                   _CCPR1L 0FBE                   i2l1000 066C  
                 i2l1010 06DC                   i2l1002 0688                   i2l1020 0740  
                 i2l1012 06EC                   i2l1004 0698                   i2l1030 07B4  
                 i2l1022 075C                   i2l1014 0708                   i2l1006 06B4  
                 i2l1040 0818                   i2l1032 07C0                   i2l1024 076C  
                 i2l1016 0718                   i2l1008 06C0                   i2l1050 0888  
                 i2l1042 0834                   i2l1034 07DC                   i2l1026 0788  
                 i2l1018 0734                   i2l1060 08EC                   i2l1052 0898  
                 i2l1044 0840                   i2l1036 07EC                   i2l1028 0798  
                 i2l1070 095C                   i2l1062 0908                   i2l1054 08B4  
                 i2l1046 085C                   i2l1038 0808                   i2l1080 09C0  
                 i2l1072 096C                   i2l1064 0918                   i2l1056 08C0  
                 i2l1048 086C                   i2l1074 0988                   i2l1066 0934  
                 i2l1058 08DC                   i2l1076 0998                   i2l1068 0940  
                 i2l1086 09CC                   i2l1078 09B4                   i2l1088 09CE  
              ??___awmod 0005          ___awmod@divisor 0003                   isa$std 0001  
        ___awmod@counter 0005             __mediumconst 0000               __accesstop 0080  
__end_of__initialization 0B18            ___rparam_used 0001            __end_of_H_ISR 09E6  
         __pcstackCOMRAM 0001                  ??_H_ISR 0007            H_ISR@AD_total 000A  
                i2u30_40 09F8                  i2u30_41 09F4                  i2u31_40 0A12  
                i2u31_41 0A0E                  i2u32_40 0A2C                  i2u40_40 06DC  
                i2u32_41 0A28                  i2u40_41 06D8                  i2u33_40 0A4A  
                i2u41_40 0708                  i2u33_41 0A46                  i2u41_41 0704  
                i2u34_40 0A60                  i2u50_40 0888                  i2u42_40 0734  
                i2u34_41 0A5C                  i2u50_41 0884                  i2u42_41 0730  
                i2u35_40 0A84                  i2u51_40 08B4                  i2u43_40 075C  
                i2u35_41 0A80                  i2u51_41 08B0                  i2u43_41 0758  
                i2u52_40 08DC                  i2u44_40 0788                  i2u36_40 0612  
                i2u52_41 08D8                  i2u44_41 0784                  i2u36_41 060E  
                i2u53_40 0908                  i2u45_40 07B4                  i2u37_40 065C  
                i2u53_41 0904                  i2u45_41 07B0                  i2u37_41 0658  
                i2u54_40 0934                  i2u46_40 07DC                  i2u38_40 0688  
                i2u54_41 0930                  i2u46_41 07D8                  i2u38_41 0684  
                i2u55_40 095C                  i2u47_40 0808                  i2u39_40 06B4  
                i2u55_41 0958                  i2u47_41 0804                  i2u39_41 06B0  
                i2u56_40 0988                  i2u48_40 0834                  i2u56_41 0984  
                i2u48_41 0830                  i2u57_40 09B4                  i2u49_40 085C  
                i2u57_41 09B0                  i2u49_41 0858                  i2u58_40 09DE  
                i2u58_41 09DA                  __Hparam 0000                  __Lparam 0000  
                ___awmod 09E6             __psmallconst 0600                  __pcinit 0B18  
                __ramtop 0600                  __ptext0 0A96                  __ptext2 09E6  
              _T2CONbits 0FCA         ___awmod@dividend 0001           __pintcode_body 0602  
   end_of_initialization 0B18                  int_func 0602                _PORTBbits 0F81  
              _TRISAbits 0F92                _TRISBbits 0F93              _CCP1CONbits 0FBD  
    start_initialization 0B18                __pintcode 0008                 ?___awmod 0001  
            __smallconst 0600                 _PIE1bits 0F9D                 _PIR1bits 0F9E  
               _RCONbits 0FD0               _ADCON0bits 0FC2               _ADCON1bits 0FC1  
             _ADCON2bits 0FC0                 __Hrparam 0000                 __Lrparam 0000  
               isa$xinst 0000                 int$flags 000C               _INTCONbits 0FF2  
               intlevel2 0000               _OSCCONbits 0FD3  
