Warning[205] C:\USERS\KUANYI\MPLABXPROJECTS\MIDTERM_2023.X\1_B.ASM 1 : Found directive in column 1. (List)
Warning[207] C:\USERS\KUANYI\MPLABXPROJECTS\MIDTERM_2023.X\1_B.ASM 7 : Found label after column 1. (input_n)
Warning[207] C:\USERS\KUANYI\MPLABXPROJECTS\MIDTERM_2023.X\1_B.ASM 8 : Found label after column 1. (i_addr)
Warning[207] C:\USERS\KUANYI\MPLABXPROJECTS\MIDTERM_2023.X\1_B.ASM 9 : Found label after column 1. (flag)
Warning[207] C:\USERS\KUANYI\MPLABXPROJECTS\MIDTERM_2023.X\1_B.ASM 22 : Found label after column 1. (Fib)
Warning[207] C:\USERS\KUANYI\MPLABXPROJECTS\MIDTERM_2023.X\1_B.ASM 28 : Found label after column 1. (recurr)
Warning[207] C:\USERS\KUANYI\MPLABXPROJECTS\MIDTERM_2023.X\1_B.ASM 39 : Found label after column 1. (return_1)
Warning[207] C:\USERS\KUANYI\MPLABXPROJECTS\MIDTERM_2023.X\1_B.ASM 45 : Found label after column 1. (finish)
Warning[207] C:\USERS\KUANYI\MPLABXPROJECTS\MIDTERM_2023.X\1_B.ASM 46 : Found label after column 1. (l1)
Warning[207] C:\USERS\KUANYI\MPLABXPROJECTS\MIDTERM_2023.X\1_B.ASM 58 : Found label after column 1. (l2)
Warning[207] C:\USERS\KUANYI\MPLABXPROJECTS\MIDTERM_2023.X\1_B.ASM 69 : Found label after column 1. (l3)
Warning[207] C:\USERS\KUANYI\MPLABXPROJECTS\MIDTERM_2023.X\1_B.ASM 80 : Found label after column 1. (l4)
Warning[207] C:\USERS\KUANYI\MPLABXPROJECTS\MIDTERM_2023.X\1_B.ASM 91 : Found label after column 1. (l5)
Warning[207] C:\USERS\KUANYI\MPLABXPROJECTS\MIDTERM_2023.X\1_B.ASM 102 : Found label after column 1. (l6)
Warning[207] C:\USERS\KUANYI\MPLABXPROJECTS\MIDTERM_2023.X\1_B.ASM 113 : Found label after column 1. (l7)
Warning[207] C:\USERS\KUANYI\MPLABXPROJECTS\MIDTERM_2023.X\1_B.ASM 124 : Found label after column 1. (l8)
Warning[207] C:\USERS\KUANYI\MPLABXPROJECTS\MIDTERM_2023.X\1_B.ASM 135 : Found label after column 1. (l9)
Warning[207] C:\USERS\KUANYI\MPLABXPROJECTS\MIDTERM_2023.X\1_B.ASM 146 : Found label after column 1. (l10)
Warning[207] C:\USERS\KUANYI\MPLABXPROJECTS\MIDTERM_2023.X\1_B.ASM 157 : Found label after column 1. (l11)
Warning[207] C:\USERS\KUANYI\MPLABXPROJECTS\MIDTERM_2023.X\1_B.ASM 168 : Found label after column 1. (l12)
Warning[207] C:\USERS\KUANYI\MPLABXPROJECTS\MIDTERM_2023.X\1_B.ASM 179 : Found label after column 1. (l13)
Warning[207] C:\USERS\KUANYI\MPLABXPROJECTS\MIDTERM_2023.X\1_B.ASM 187 : Found label after column 1. (d_finish)
