MPASM 5.84                           1_B.ASM   11-9-2023  19:42:49         PAGE  1


LOC  OBJECT CODE     LINE SOURCE TEXT
  VALUE

Warning[205]: Found directive in column 1. (List)
                      00001 List p=18f4520
                      00002     #include<p18f4520.inc>
                      00001         LIST
                      00002 
                      00003 ;==========================================================================
                      00004 ; Build date : Mar 17 2019
                      00005 ;  MPASM PIC18F4520 processor include
                      00006 ; 
                      00007 ;  (c) Copyright 1999-2019 Microchip Technology, All rights reserved
                      00008 ;==========================================================================
                      00009 
                      01489         LIST
                      00003         CONFIG OSC = INTIO67
                      00004         CONFIG WDT = OFF
                      00005         org 0x00
                      00006         
Warning[207]: Found label after column 1. (input_n)
  00000009            00007         input_n = 0x09
Warning[207]: Found label after column 1. (i_addr)
  00000012            00008         i_addr = 0x12
Warning[207]: Found label after column 1. (flag)
  00000013            00009         flag = 0x13
                      00010         
                      00011         ;init
000000 6A10           00012         CLRF 0x10
000002 6A13           00013         CLRF 0x13
000004 0E09           00014         MOVLW input_n
000006 6E11           00015         MOVWF 0x11
000008 6E12           00016         MOVWF i_addr
                      00017         
                      00018         
00000A D???           00019         rcall Fib
00000C EF?? F???      00020         goto finish
                      00021         
Warning[207]: Found label after column 1. (Fib)
000010                00022     Fib:
000010 0E02           00023         MOVLW 0x02
000012 6412           00024         CPFSGT i_addr; skip if i > 2 
000014 EF?? F???      00025         goto return_1
000018 EF?? F???      00026         goto recurr
00001C 0000           00027         NOP
Warning[207]: Found label after column 1. (recurr)
00001E                00028         recurr:
00001E 9013           00029         BCF flag, 0
000020 0612           00030         DECF i_addr
000022 D???           00031         rcall Fib
000024 8013           00032         BSF flag, 0
000026 0612           00033         DECF i_addr
000028 D???           00034         rcall Fib
                      00035         ;DECF 0x00
00002A 2A12           00036         INCF i_addr
00002C 2A12           00037         INCF i_addr
MPASM 5.84                           1_B.ASM   11-9-2023  19:42:49         PAGE  2


LOC  OBJECT CODE     LINE SOURCE TEXT
  VALUE

00002E 0012           00038         return
Warning[207]: Found label after column 1. (return_1)
000030                00039         return_1:
                      00040         ;BTFSC flag, 0 ; skip if flag == 0
                      00041         
000030 2A10           00042         INCF 0x10
000032 0012           00043         return
                      00044             
Warning[207]: Found label after column 1. (finish)
000034                00045     finish:
Warning[207]: Found label after column 1. (l1)
000034                00046         l1:
000034 6A10           00047         CLRF 0x10
000036 6A13           00048         CLRF 0x13
000038 0E01           00049         MOVLW 0x01
00003A 6E12           00050         MOVWF i_addr
00003C D???           00051         rcall Fib
00003E C010 F001      00052         MOVFF 0x10, 0x01
000042 0E01           00053         MOVLW 0x01
000044 6211           00054         CPFSEQ 0x11 ;skip if == 1
000046 EF?? F???      00055         goto l2
00004A EF?? F???      00056         goto d_finish
                      00057         
Warning[207]: Found label after column 1. (l2)
00004E                00058     l2:
00004E 6A10           00059     CLRF 0x10
000050 6A13           00060         CLRF 0x13
000052 0E02           00061         MOVLW 0x02;
000054 6E12           00062         MOVWF i_addr
000056 D???           00063         rcall Fib
000058 C010 F002      00064         MOVFF 0x10, 0x02;
00005C 0E02           00065         MOVLW 0x02;
00005E 6211           00066         CPFSEQ 0x11 ;skip if == 2
000060 EF?? F???      00067         goto l3 ;
000064 EF?? F???      00068         goto d_finish
Warning[207]: Found label after column 1. (l3)
000068                00069     l3:
000068 6A10           00070     CLRF 0x10
00006A 6A13           00071         CLRF 0x13
00006C 0E03           00072         MOVLW 0x03;
00006E 6E12           00073         MOVWF i_addr
000070 D???           00074         rcall Fib
000072 C010 F003      00075         MOVFF 0x10, 0x03;
000076 0E03           00076         MOVLW 0x03;
000078 6211           00077         CPFSEQ 0x11 ;skip if == 2
00007A EF?? F???      00078         goto l4 ;
00007E EF?? F???      00079         goto d_finish
Warning[207]: Found label after column 1. (l4)
000082                00080     l4:
000082 6A10           00081     CLRF 0x10
000084 6A13           00082         CLRF 0x13
000086 0E04           00083         MOVLW 0x04;
000088 6E12           00084         MOVWF i_addr
MPASM 5.84                           1_B.ASM   11-9-2023  19:42:49         PAGE  3


LOC  OBJECT CODE     LINE SOURCE TEXT
  VALUE

00008A D???           00085         rcall Fib
00008C C010 F004      00086         MOVFF 0x10, 0x04;
000090 0E04           00087         MOVLW 0x04;
000092 6211           00088         CPFSEQ 0x11 ;skip if == 2
000094 EF?? F???      00089         goto l5 ;
000098 EF?? F???      00090         goto d_finish
Warning[207]: Found label after column 1. (l5)
00009C                00091     l5:
00009C 6A10           00092     CLRF 0x10
00009E 6A13           00093         CLRF 0x13
0000A0 0E05           00094         MOVLW 0x05;
0000A2 6E12           00095         MOVWF i_addr
0000A4 D???           00096         rcall Fib
0000A6 C010 F005      00097         MOVFF 0x10, 0x05;
0000AA 0E05           00098         MOVLW 0x05;
0000AC 6211           00099         CPFSEQ 0x11 ;skip if == 2
0000AE EF?? F???      00100         goto l6 ;
0000B2 EF?? F???      00101         goto d_finish
Warning[207]: Found label after column 1. (l6)
0000B6                00102     l6:
0000B6 6A10           00103     CLRF 0x10
0000B8 6A13           00104         CLRF 0x13
0000BA 0E06           00105         MOVLW 0x06;
0000BC 6E12           00106         MOVWF i_addr
0000BE D???           00107         rcall Fib
0000C0 C010 F006      00108         MOVFF 0x10, 0x06;
0000C4 0E06           00109         MOVLW 0x06;
0000C6 6211           00110         CPFSEQ 0x11 ;skip if == 2
0000C8 EF?? F???      00111         goto l7 ;
0000CC EF?? F???      00112         goto d_finish
Warning[207]: Found label after column 1. (l7)
0000D0                00113     l7:
0000D0 6A10           00114     CLRF 0x10
0000D2 6A13           00115         CLRF 0x13
0000D4 0E07           00116         MOVLW 0x07;
0000D6 6E12           00117         MOVWF i_addr
0000D8 D???           00118         rcall Fib
0000DA C010 F007      00119         MOVFF 0x10, 0x07;
0000DE 0E07           00120         MOVLW 0x07;
0000E0 6211           00121         CPFSEQ 0x11 ;skip if == 2
0000E2 EF?? F???      00122         goto l8 ;
0000E6 EF?? F???      00123         goto d_finish
Warning[207]: Found label after column 1. (l8)
0000EA                00124     l8:
0000EA 6A10           00125     CLRF 0x10
0000EC 6A13           00126         CLRF 0x13
0000EE 0E08           00127         MOVLW 0x08;
0000F0 6E12           00128         MOVWF i_addr
0000F2 D???           00129         rcall Fib
0000F4 C010 F008      00130         MOVFF 0x10, 0x08;
0000F8 0E08           00131         MOVLW 0x08;
0000FA 6211           00132         CPFSEQ 0x11 ;skip if == 2
0000FC EF?? F???      00133         goto l9 ;
MPASM 5.84                           1_B.ASM   11-9-2023  19:42:49         PAGE  4


LOC  OBJECT CODE     LINE SOURCE TEXT
  VALUE

000100 EF?? F???      00134         goto d_finish
Warning[207]: Found label after column 1. (l9)
000104                00135     l9:
000104 6A10           00136     CLRF 0x10
000106 6A13           00137         CLRF 0x13
000108 0E09           00138         MOVLW 0x09;
00010A 6E12           00139         MOVWF i_addr
00010C D???           00140         rcall Fib
00010E C010 F009      00141         MOVFF 0x10, 0x09;
000112 0E09           00142         MOVLW 0x09;
000114 6211           00143         CPFSEQ 0x11 ;skip if == 2
000116 EF?? F???      00144         goto l10 ;
00011A EF?? F???      00145         goto d_finish
Warning[207]: Found label after column 1. (l10)
00011E                00146     l10:
00011E 6A10           00147     CLRF 0x10
000120 6A13           00148         CLRF 0x13
000122 0E0A           00149         MOVLW 0x0a;
000124 6E12           00150         MOVWF i_addr
000126 D???           00151         rcall Fib
000128 C010 F00A      00152         MOVFF 0x10, 0x0a;
00012C 0E0A           00153         MOVLW 0x0a;
00012E 6211           00154         CPFSEQ 0x11 ;skip if == 2
000130 EF?? F???      00155         goto l11 ;
000134 EF?? F???      00156         goto d_finish
Warning[207]: Found label after column 1. (l11)
000138                00157     l11:
000138 6A10           00158     CLRF 0x10
00013A 6A13           00159         CLRF 0x13
00013C 0E0B           00160         MOVLW 0x0b;
00013E 6E12           00161         MOVWF i_addr
000140 D???           00162         rcall Fib
000142 C010 F00B      00163         MOVFF 0x10, 0x0b;
000146 0E0B           00164         MOVLW 0x0b;
000148 6211           00165         CPFSEQ 0x11 ;skip if == 2
00014A EF?? F???      00166         goto l12 ;
00014E EF?? F???      00167         goto d_finish
Warning[207]: Found label after column 1. (l12)
000152                00168     l12:
000152 6A10           00169     CLRF 0x10
000154 6A13           00170         CLRF 0x13
000156 0E0C           00171         MOVLW 0x0c;
000158 6E12           00172         MOVWF i_addr
00015A D???           00173         rcall Fib
00015C C010 F00C      00174         MOVFF 0x10, 0x0c;
000160 0E0C           00175         MOVLW 0x0c;
000162 6211           00176         CPFSEQ 0x11 ;skip if == 2
000164 EF?? F???      00177         goto l13 ;
000168 EF?? F???      00178         goto d_finish
Warning[207]: Found label after column 1. (l13)
00016C                00179     l13:
00016C 6A10           00180     CLRF 0x10
00016E 6A13           00181         CLRF 0x13
MPASM 5.84                           1_B.ASM   11-9-2023  19:42:49         PAGE  5


LOC  OBJECT CODE     LINE SOURCE TEXT
  VALUE

000170 0E0D           00182         MOVLW 0x0d;
000172 6E12           00183         MOVWF i_addr
000174 D???           00184         rcall Fib
000176 C010 F00D      00185         MOVFF 0x10, 0x0d;
00017A 0E0D           00186         MOVLW 0x0d;
Warning[207]: Found label after column 1. (d_finish)
00017C                00187     d_finish:
00017C 0000           00188         NOP
                      00189         
                      00190         end
MPASM 5.84                           1_B.ASM   11-9-2023  19:42:49         PAGE  6


SYMBOL TABLE
  LABEL                             VALUE 

A                                 00000000
ABDEN                             00000000
ABDOVF                            00000007
ACCESS                            00000000
ACKDT                             00000005
ACKEN                             00000004
ACKSTAT                           00000006
ACQT0                             00000003
ACQT1                             00000004
ACQT2                             00000005
ADCON0                            00000FC2
ADCON1                            00000FC1
ADCON2                            00000FC0
ADCS0                             00000000
ADCS1                             00000001
ADCS2                             00000002
ADDEN                             00000003
ADEN                              00000003
ADFM                              00000007
ADIE                              00000006
ADIF                              00000006
ADIP                              00000006
ADMSK1                            00000001
ADMSK2                            00000002
ADMSK3                            00000003
ADMSK4                            00000004
ADMSK5                            00000005
ADON                              00000000
ADRES                             00000FC3
ADRESH                            00000FC4
ADRESL                            00000FC3
AN0                               00000000
AN1                               00000001
AN10                              00000001
AN11                              00000004
AN12                              00000000
AN2                               00000002
AN3                               00000003
AN4                               00000005
AN5                               00000000
AN6                               00000001
AN7                               00000002
AN8                               00000002
AN9                               00000003
BANKED                            00000001
BAUDCON                           00000FB8
BAUDCTL                           00000FB8
BCLIE                             00000003
BCLIF                             00000003
BCLIP                             00000003
BF                                00000000
BGST                              00000005
BOR                               00000000
MPASM 5.84                           1_B.ASM   11-9-2023  19:42:49         PAGE  7


SYMBOL TABLE
  LABEL                             VALUE 

BRG16                             00000003
BRGH                              00000002
BSR                               00000FE0
C                                 00000000
C1INV                             00000004
C1OUT_CMCON                       00000006
C1OUT_PORTA                       00000004
C2INV                             00000005
C2OUT_CMCON                       00000007
C2OUT_PORTA                       00000005
CCP1                              00000002
CCP1CON                           00000FBD
CCP1IE                            00000002
CCP1IF                            00000002
CCP1IP                            00000002
CCP1M0                            00000000
CCP1M1                            00000001
CCP1M2                            00000002
CCP1M3                            00000003
CCP1X                             00000005
CCP1Y                             00000004
CCP2CON                           00000FBA
CCP2IE                            00000000
CCP2IF                            00000000
CCP2IP                            00000000
CCP2M0                            00000000
CCP2M1                            00000001
CCP2M2                            00000002
CCP2M3                            00000003
CCP2X                             00000005
CCP2Y                             00000004
CCP2_PORTB                        00000003
CCP2_PORTC                        00000001
CCPR1                             00000FBE
CCPR1H                            00000FBF
CCPR1L                            00000FBE
CCPR2                             00000FBB
CCPR2H                            00000FBC
CCPR2L                            00000FBB
CFGS                              00000006
CHS0                              00000002
CHS1                              00000003
CHS2                              00000004
CHS3                              00000005
CIS                               00000003
CK                                00000006
CKE                               00000006
CKP                               00000004
CLKI                              00000007
CLKO                              00000006
CM0                               00000000
CM1                               00000001
CM2                               00000002
MPASM 5.84                           1_B.ASM   11-9-2023  19:42:49         PAGE  8


SYMBOL TABLE
  LABEL                             VALUE 

CMCON                             00000FB4
CMIE                              00000006
CMIF                              00000006
CMIP                              00000006
CREN                              00000004
CS                                00000002
CSRC                              00000007
CVR0                              00000000
CVR1                              00000001
CVR2                              00000002
CVR3                              00000003
CVRCON                            00000FB5
CVREF                             00000002
CVREN                             00000007
CVROE                             00000006
CVRR                              00000005
CVRSS                             00000004
D                                 00000005
DC                                00000001
DC1B0                             00000004
DC1B1                             00000005
DC2B0                             00000004
DC2B1                             00000005
DDRA                              TRISA
DDRB                              TRISB
DDRC                              TRISC
DDRD                              TRISD
DDRE                              TRISE
DONE                              00000001
D_A                               00000005
D_NOT_A                           00000005
ECCP1AS                           00000FB6
ECCP1DEL                          00000FB7
ECCPAS                            00000FB6
ECCPAS0                           00000004
ECCPAS1                           00000005
ECCPAS2                           00000006
ECCPASE                           00000007
EEADR                             00000FA9
EECON1                            00000FA6
EECON2                            00000FA7
EEDATA                            00000FA8
EEIE                              00000004
EEIF                              00000004
EEIP                              00000004
EEPGD                             00000007
FAST                              00000001
FERR                              00000002
FLT0                              00000000
FLTS                              00000002
FREE                              00000004
FSR0                              00000000
FSR0H                             00000FEA
MPASM 5.84                           1_B.ASM   11-9-2023  19:42:49         PAGE  9


SYMBOL TABLE
  LABEL                             VALUE 

FSR0L                             00000FE9
FSR1                              00000001
FSR1H                             00000FE2
FSR1L                             00000FE1
FSR2                              00000002
FSR2H                             00000FDA
FSR2L                             00000FD9
Fib                               00000010
GCEN                              00000007
GIE                               00000007
GIEH                              00000007
GIEL                              00000006
GIE_GIEH                          00000007
GO                                00000001
GO_DONE                           00000001
GO_NOT_DONE                       00000001
HLVDCON                           00000FD2
HLVDEN                            00000004
HLVDIE                            00000002
HLVDIF                            00000002
HLVDIN                            00000005
HLVDIP                            00000002
HLVDL0                            00000000
HLVDL1                            00000001
HLVDL2                            00000002
HLVDL3                            00000003
IBF                               00000007
IBOV                              00000005
IDLEN                             00000007
INDF0                             00000FEF
INDF1                             00000FE7
INDF2                             00000FDF
INT0                              00000000
INT0E                             00000004
INT0F                             00000001
INT0IE                            00000004
INT0IF                            00000001
INT1                              00000001
INT1E                             00000003
INT1F                             00000000
INT1IE                            00000003
INT1IF                            00000000
INT1IP                            00000006
INT1P                             00000006
INT2                              00000002
INT2E                             00000004
INT2F                             00000001
INT2IE                            00000004
INT2IF                            00000001
INT2IP                            00000007
INT2P                             00000007
INTCON                            00000FF2
INTCON2                           00000FF1
MPASM 5.84                           1_B.ASM   11-9-2023  19:42:49         PAGE 10


SYMBOL TABLE
  LABEL                             VALUE 

INTCON3                           00000FF0
INTEDG0                           00000006
INTEDG1                           00000005
INTEDG2                           00000004
INTSRC                            00000007
IOFS                              00000002
IPEN                              00000007
IPR1                              00000F9F
IPR2                              00000FA2
IRCF0                             00000004
IRCF1                             00000005
IRCF2                             00000006
IRVST                             00000005
IVRST                             00000005
KBI0                              00000004
KBI1                              00000005
KBI2                              00000006
KBI3                              00000007
LATA                              00000F89
LATA0                             00000000
LATA1                             00000001
LATA2                             00000002
LATA3                             00000003
LATA4                             00000004
LATA5                             00000005
LATA6                             00000006
LATA7                             00000007
LATB                              00000F8A
LATB0                             00000000
LATB1                             00000001
LATB2                             00000002
LATB3                             00000003
LATB4                             00000004
LATB5                             00000005
LATB6                             00000006
LATB7                             00000007
LATC                              00000F8B
LATC0                             00000000
LATC1                             00000001
LATC2                             00000002
LATC3                             00000003
LATC4                             00000004
LATC5                             00000005
LATC6                             00000006
LATC7                             00000007
LATD                              00000F8C
LATD0                             00000000
LATD1                             00000001
LATD2                             00000002
LATD3                             00000003
LATD4                             00000004
LATD5                             00000005
LATD6                             00000006
MPASM 5.84                           1_B.ASM   11-9-2023  19:42:49         PAGE 11


SYMBOL TABLE
  LABEL                             VALUE 

LATD7                             00000007
LATE                              00000F8D
LATE0                             00000000
LATE1                             00000001
LATE2                             00000002
LVDCON                            00000FD2
LVDEN                             00000004
LVDIE                             00000002
LVDIF                             00000002
LVDIN                             00000005
LVDIP                             00000002
LVDL0                             00000000
LVDL1                             00000001
LVDL2                             00000002
LVDL3                             00000003
LVV0                              00000000
LVV1                              00000001
LVV2                              00000002
LVV3                              00000003
MCLR                              00000003
N                                 00000004
NOT_A                             00000005
NOT_ADDRESS                       00000005
NOT_BOR                           00000000
NOT_CS                            00000002
NOT_DONE                          00000001
NOT_MCLR                          00000003
NOT_PD                            00000002
NOT_POR                           00000001
NOT_RBPU                          00000007
NOT_RD                            00000000
NOT_RI                            00000004
NOT_SS                            00000005
NOT_T1SYNC                        00000002
NOT_T3SYNC                        00000002
NOT_TO                            00000003
NOT_W                             00000002
NOT_WR                            00000001
NOT_WRITE                         00000002
OBF                               00000006
OERR                              00000001
OSC1                              00000007
OSC2                              00000006
OSCCON                            00000FD3
OSCFIE                            00000007
OSCFIF                            00000007
OSCFIP                            00000007
OSCTUNE                           00000F9B
OSTS                              00000003
OV                                00000003
P                                 00000004
P1A                               00000002
P1B                               00000005
MPASM 5.84                           1_B.ASM   11-9-2023  19:42:49         PAGE 12


SYMBOL TABLE
  LABEL                             VALUE 

P1C                               00000006
P1D                               00000007
P1M0                              00000006
P1M1                              00000007
PC                                00000FF9
PCFG0                             00000000
PCFG1                             00000001
PCFG2                             00000002
PCFG3                             00000003
PCL                               00000FF9
PCLATH                            00000FFA
PCLATU                            00000FFB
PD                                00000002
PDC0                              00000000
PDC1                              00000001
PDC2                              00000002
PDC3                              00000003
PDC4                              00000004
PDC5                              00000005
PDC6                              00000006
PEIE                              00000006
PEIE_GIEL                         00000006
PEN                               00000002
PGC                               00000006
PGD                               00000007
PGM                               00000005
PIE1                              00000F9D
PIE2                              00000FA0
PIR1                              00000F9E
PIR2                              00000FA1
PLLEN                             00000006
PLUSW0                            00000FEB
PLUSW1                            00000FE3
PLUSW2                            00000FDB
POR                               00000001
PORTA                             00000F80
PORTB                             00000F81
PORTC                             00000F82
PORTD                             00000F83
PORTE                             00000F84
POSTDEC0                          00000FED
POSTDEC1                          00000FE5
POSTDEC2                          00000FDD
POSTINC0                          00000FEE
POSTINC1                          00000FE6
POSTINC2                          00000FDE
PR2                               00000FCB
PREINC0                           00000FEC
PREINC1                           00000FE4
PREINC2                           00000FDC
PROD                              00000FF3
PRODH                             00000FF4
PRODL                             00000FF3
MPASM 5.84                           1_B.ASM   11-9-2023  19:42:49         PAGE 13


SYMBOL TABLE
  LABEL                             VALUE 

PRSEN                             00000007
PSA                               00000003
PSP0                              00000000
PSP1                              00000001
PSP2                              00000002
PSP3                              00000003
PSP4                              00000004
PSP5                              00000005
PSP6                              00000006
PSP7                              00000007
PSPIE                             00000007
PSPIF                             00000007
PSPIP                             00000007
PSPMODE                           00000004
PSSAC0                            00000002
PSSAC1                            00000003
PSSBD0                            00000000
PSSBD1                            00000001
PWM1CON                           00000FB7
R                                 00000002
RA0                               00000000
RA1                               00000001
RA2                               00000002
RA3                               00000003
RA4                               00000004
RA5                               00000005
RA6                               00000006
RA7                               00000007
RB0                               00000000
RB1                               00000001
RB2                               00000002
RB3                               00000003
RB4                               00000004
RB5                               00000005
RB6                               00000006
RB7                               00000007
RBIE                              00000003
RBIF                              00000000
RBIP                              00000000
RBPU                              00000007
RC0                               00000000
RC1                               00000001
RC2                               00000002
RC3                               00000003
RC4                               00000004
RC5                               00000005
RC6                               00000006
RC7                               00000007
RCEN                              00000003
RCIDL                             00000006
RCIE                              00000005
RCIF                              00000005
RCIP                              00000005
MPASM 5.84                           1_B.ASM   11-9-2023  19:42:49         PAGE 14


SYMBOL TABLE
  LABEL                             VALUE 

RCMT                              00000006
RCON                              00000FD0
RCREG                             00000FAE
RCSTA                             00000FAB
RD                                00000000
RD0                               00000000
RD1                               00000001
RD16                              00000007
RD2                               00000002
RD3                               00000003
RD4                               00000004
RD5                               00000005
RD6                               00000006
RD7                               00000007
RE0                               00000000
RE1                               00000001
RE2                               00000002
RE3                               00000003
RI                                00000004
RSEN                              00000001
RX                                00000007
RX9                               00000006
RX9D                              00000000
RXDTP                             00000005
R_NOT_W                           00000002
R_W                               00000002
S                                 00000003
SBOREN                            00000006
SCK                               00000003
SCKP                              00000004
SCL                               00000003
SCS0                              00000000
SCS1                              00000001
SDA                               00000004
SDI                               00000004
SDO                               00000005
SEN                               00000000
SENDB                             00000003
SMP                               00000007
SP0                               00000000
SP1                               00000001
SP2                               00000002
SP3                               00000003
SP4                               00000004
SPBRG                             00000FAF
SPBRGH                            00000FB0
SPEN                              00000007
SREN                              00000005
SS                                00000005
SSPADD                            00000FC8
SSPBUF                            00000FC9
SSPCON1                           00000FC6
SSPCON2                           00000FC5
MPASM 5.84                           1_B.ASM   11-9-2023  19:42:49         PAGE 15


SYMBOL TABLE
  LABEL                             VALUE 

SSPEN                             00000005
SSPIE                             00000003
SSPIF                             00000003
SSPIP                             00000003
SSPM0                             00000000
SSPM1                             00000001
SSPM2                             00000002
SSPM3                             00000003
SSPOV                             00000006
SSPSTAT                           00000FC7
STATUS                            00000FD8
STKFUL                            00000007
STKOVF                            00000007
STKPTR                            00000FFC
STKUNF                            00000006
SWDTE                             00000000
SWDTEN                            00000000
SYNC                              00000004
T016BIT                           00000006
T08BIT                            00000006
T0CKI                             00000004
T0CON                             00000FD5
T0CS                              00000005
T0IE                              00000005
T0IF                              00000002
T0PS0                             00000000
T0PS1                             00000001
T0PS2                             00000002
T0PS3                             00000003
T0SE                              00000004
T13CKI                            00000000
T1CKI                             00000000
T1CKPS0                           00000004
T1CKPS1                           00000005
T1CON                             00000FCD
T1OSCEN                           00000003
T1OSI                             00000001
T1OSO                             00000000
T1RUN                             00000006
T1SYNC                            00000002
T2CKPS0                           00000000
T2CKPS1                           00000001
T2CON                             00000FCA
T2OUTPS0                          00000003
T2OUTPS1                          00000004
T2OUTPS2                          00000005
T2OUTPS3                          00000006
T3CCP1                            00000003
T3CCP2                            00000006
T3CKPS0                           00000004
T3CKPS1                           00000005
T3CON                             00000FB1
T3SYNC                            00000002
MPASM 5.84                           1_B.ASM   11-9-2023  19:42:49         PAGE 16


SYMBOL TABLE
  LABEL                             VALUE 

TABLAT                            00000FF5
TBLPTR                            00000FF6
TBLPTRH                           00000FF7
TBLPTRL                           00000FF6
TBLPTRU                           00000FF8
TMR0                              00000FD6
TMR0H                             00000FD7
TMR0IE                            00000005
TMR0IF                            00000002
TMR0IP                            00000002
TMR0L                             00000FD6
TMR0ON                            00000007
TMR1                              00000FCE
TMR1CS                            00000001
TMR1H                             00000FCF
TMR1IE                            00000000
TMR1IF                            00000000
TMR1IP                            00000000
TMR1L                             00000FCE
TMR1ON                            00000000
TMR2                              00000FCC
TMR2IE                            00000001
TMR2IF                            00000001
TMR2IP                            00000001
TMR2ON                            00000002
TMR3                              00000FB2
TMR3CS                            00000001
TMR3H                             00000FB3
TMR3IE                            00000001
TMR3IF                            00000001
TMR3IP                            00000001
TMR3L                             00000FB2
TMR3ON                            00000000
TO                                00000003
TOS                               00000FFD
TOSH                              00000FFE
TOSL                              00000FFD
TOSU                              00000FFF
TOUTPS0                           00000003
TOUTPS1                           00000004
TOUTPS2                           00000005
TOUTPS3                           00000006
TRISA                             00000F92
TRISA0                            00000000
TRISA1                            00000001
TRISA2                            00000002
TRISA3                            00000003
TRISA4                            00000004
TRISA5                            00000005
TRISA6                            00000006
TRISA7                            00000007
TRISB                             00000F93
TRISB0                            00000000
MPASM 5.84                           1_B.ASM   11-9-2023  19:42:49         PAGE 17


SYMBOL TABLE
  LABEL                             VALUE 

TRISB1                            00000001
TRISB2                            00000002
TRISB3                            00000003
TRISB4                            00000004
TRISB5                            00000005
TRISB6                            00000006
TRISB7                            00000007
TRISC                             00000F94
TRISC0                            00000000
TRISC1                            00000001
TRISC2                            00000002
TRISC3                            00000003
TRISC4                            00000004
TRISC5                            00000005
TRISC6                            00000006
TRISC7                            00000007
TRISD                             00000F95
TRISD0                            00000000
TRISD1                            00000001
TRISD2                            00000002
TRISD3                            00000003
TRISD4                            00000004
TRISD5                            00000005
TRISD6                            00000006
TRISD7                            00000007
TRISE                             00000F96
TRISE0                            00000000
TRISE1                            00000001
TRISE2                            00000002
TRMT                              00000001
TUN0                              00000000
TUN1                              00000001
TUN2                              00000002
TUN3                              00000003
TUN4                              00000004
TX                                00000006
TX9                               00000006
TX9D                              00000000
TXCKP                             00000004
TXEN                              00000005
TXIE                              00000004
TXIF                              00000004
TXIP                              00000004
TXREG                             00000FAD
TXSTA                             00000FAC
UA                                00000001
VCFG0                             00000004
VCFG1                             00000005
VDIRMAG                           00000007
VPP                               00000003
VREFN                             00000002
VREFP                             00000003
W                                 00000000
MPASM 5.84                           1_B.ASM   11-9-2023  19:42:49         PAGE 18


SYMBOL TABLE
  LABEL                             VALUE 

WCOL                              00000007
WDTCON                            00000FD1
WR                                00000001
WREG                              00000FE8
WREN                              00000002
WRERR                             00000003
WUE                               00000001
Z                                 00000002
_BOREN_NOSLP_2L                   000000FD
_BOREN_OFF_2L                     000000F9
_BOREN_ON_2L                      000000FB
_BOREN_SBORDIS_2L                 000000FF
_BORV_0_2L                        000000E7
_BORV_1_2L                        000000EF
_BORV_2_2L                        000000F7
_BORV_3_2L                        000000FF
_CCP2MX_PORTBE_3H                 000000FE
_CCP2MX_PORTC_3H                  000000FF
_CONFIG1H                         00300001
_CONFIG2H                         00300003
_CONFIG2L                         00300002
_CONFIG3H                         00300005
_CONFIG4L                         00300006
_CONFIG5H                         00300009
_CONFIG5L                         00300008
_CONFIG6H                         0030000B
_CONFIG6L                         0030000A
_CONFIG7H                         0030000D
_CONFIG7L                         0030000C
_CP0_OFF_5L                       000000FF
_CP0_ON_5L                        000000FE
_CP1_OFF_5L                       000000FF
_CP1_ON_5L                        000000FD
_CP2_OFF_5L                       000000FF
_CP2_ON_5L                        000000FB
_CP3_OFF_5L                       000000FF
_CP3_ON_5L                        000000F7
_CPB_OFF_5H                       000000FF
_CPB_ON_5H                        000000BF
_CPD_OFF_5H                       000000FF
_CPD_ON_5H                        0000007F
_DEBUG_OFF_4L                     000000FF
_DEBUG_ON_4L                      0000007F
_DEVID1                           003FFFFE
_DEVID2                           003FFFFF
_EBTR0_OFF_7L                     000000FF
_EBTR0_ON_7L                      000000FE
_EBTR1_OFF_7L                     000000FF
_EBTR1_ON_7L                      000000FD
_EBTR2_OFF_7L                     000000FF
_EBTR2_ON_7L                      000000FB
_EBTR3_OFF_7L                     000000FF
_EBTR3_ON_7L                      000000F7
MPASM 5.84                           1_B.ASM   11-9-2023  19:42:49         PAGE 19


SYMBOL TABLE
  LABEL                             VALUE 

_EBTRB_OFF_7H                     000000FF
_EBTRB_ON_7H                      000000BF
_FCMEN_OFF_1H                     000000BF
_FCMEN_ON_1H                      000000FF
_IDLOC0                           00200000
_IDLOC1                           00200001
_IDLOC2                           00200002
_IDLOC3                           00200003
_IDLOC4                           00200004
_IDLOC5                           00200005
_IDLOC6                           00200006
_IDLOC7                           00200007
_IESO_OFF_1H                      0000007F
_IESO_ON_1H                       000000FF
_LPT1OSC_OFF_3H                   000000FB
_LPT1OSC_ON_3H                    000000FF
_LVP_OFF_4L                       000000FB
_LVP_ON_4L                        000000FF
_MCLRE_OFF_3H                     0000007F
_MCLRE_ON_3H                      000000FF
_OSC_ECIO6_1H                     000000F5
_OSC_EC_1H                        000000F4
_OSC_HSPLL_1H                     000000F6
_OSC_HS_1H                        000000F2
_OSC_INTIO67_1H                   000000F8
_OSC_INTIO7_1H                    000000F9
_OSC_LP_1H                        000000F0
_OSC_RCIO6_1H                     000000F7
_OSC_RC_1H                        000000F3
_OSC_XT_1H                        000000F1
_PBADEN_OFF_3H                    000000FD
_PBADEN_ON_3H                     000000FF
_PWRT_OFF_2L                      000000FF
_PWRT_ON_2L                       000000FE
_STVREN_OFF_4L                    000000FE
_STVREN_ON_4L                     000000FF
_WDTPS_1024_2H                    000000F5
_WDTPS_128_2H                     000000EF
_WDTPS_16384_2H                   000000FD
_WDTPS_16_2H                      000000E9
_WDTPS_1_2H                       000000E1
_WDTPS_2048_2H                    000000F7
_WDTPS_256_2H                     000000F1
_WDTPS_2_2H                       000000E3
_WDTPS_32768_2H                   000000FF
_WDTPS_32_2H                      000000EB
_WDTPS_4096_2H                    000000F9
_WDTPS_4_2H                       000000E5
_WDTPS_512_2H                     000000F3
_WDTPS_64_2H                      000000ED
_WDTPS_8192_2H                    000000FB
_WDTPS_8_2H                       000000E7
_WDT_OFF_2H                       000000FE
MPASM 5.84                           1_B.ASM   11-9-2023  19:42:49         PAGE 20


SYMBOL TABLE
  LABEL                             VALUE 

_WDT_ON_2H                        000000FF
_WRT0_OFF_6L                      000000FF
_WRT0_ON_6L                       000000FE
_WRT1_OFF_6L                      000000FF
_WRT1_ON_6L                       000000FD
_WRT2_OFF_6L                      000000FF
_WRT2_ON_6L                       000000FB
_WRT3_OFF_6L                      000000FF
_WRT3_ON_6L                       000000F7
_WRTB_OFF_6H                      000000FF
_WRTB_ON_6H                       000000BF
_WRTC_OFF_6H                      000000FF
_WRTC_ON_6H                       000000DF
_WRTD_OFF_6H                      000000FF
_WRTD_ON_6H                       0000007F
_XINST_OFF_4L                     000000BF
_XINST_ON_4L                      000000FF
__18F4520                         00000001
__DEBUG                           
__MPLAB_DEBUGGER_SIMULATOR        1
d_finish                          0000017C
finish                            00000034
flag                              00000013
i_addr                            00000012
input_n                           00000009
l1                                00000034
l10                               0000011E
l11                               00000138
l12                               00000152
l13                               0000016C
l2                                0000004E
l3                                00000068
l4                                00000082
l5                                0000009C
l6                                000000B6
l7                                000000D0
l8                                000000EA
l9                                00000104
recurr                            0000001E
return_1                          00000030

Errors   :     0
Warnings :    22 reported,     0 suppressed
Messages :     0 reported,     0 suppressed

