Warning[205] C:\USERS\KUANYI\MPLABXPROJECTS\MIDTERM_2023.X\2_B.ASM 1 : Found directive in column 1. (List)
Warning[207] C:\USERS\KUANYI\MPLABXPROJECTS\MIDTERM_2023.X\2_B.ASM 6 : Found label after column 1. (input1)
Warning[207] C:\USERS\KUANYI\MPLABXPROJECTS\MIDTERM_2023.X\2_B.ASM 7 : Found label after column 1. (input2)
Warning[207] C:\USERS\KUANYI\MPLABXPROJECTS\MIDTERM_2023.X\2_B.ASM 8 : Found label after column 1. (input3)
Warning[207] C:\USERS\KUANYI\MPLABXPROJECTS\MIDTERM_2023.X\2_B.ASM 9 : Found label after column 1. (input4)
Warning[207] C:\USERS\KUANYI\MPLABXPROJECTS\MIDTERM_2023.X\2_B.ASM 10 : Found label after column 1. (input5)
Warning[207] C:\USERS\KUANYI\MPLABXPROJECTS\MIDTERM_2023.X\2_B.ASM 11 : Found label after column 1. (input6)
Warning[207] C:\USERS\KUANYI\MPLABXPROJECTS\MIDTERM_2023.X\2_B.ASM 12 : Found label after column 1. (input7)
Warning[207] C:\USERS\KUANYI\MPLABXPROJECTS\MIDTERM_2023.X\2_B.ASM 13 : Found label after column 1. (input8)
Warning[207] C:\USERS\KUANYI\MPLABXPROJECTS\MIDTERM_2023.X\2_B.ASM 14 : Found label after column 1. (input9)
Warning[207] C:\USERS\KUANYI\MPLABXPROJECTS\MIDTERM_2023.X\2_B.ASM 16 : Found label after column 1. (initialize)
Warning[207] C:\USERS\KUANYI\MPLABXPROJECTS\MIDTERM_2023.X\2_B.ASM 51 : Found label after column 1. (while_label)
Warning[207] C:\USERS\KUANYI\MPLABXPROJECTS\MIDTERM_2023.X\2_B.ASM 57 : Found label after column 1. (for_label1)
Warning[207] C:\USERS\KUANYI\MPLABXPROJECTS\MIDTERM_2023.X\2_B.ASM 69 : Found label after column 1. (if_true1)
Warning[207] C:\USERS\KUANYI\MPLABXPROJECTS\MIDTERM_2023.X\2_B.ASM 74 : Found label after column 1. (end_if1)
Warning[207] C:\USERS\KUANYI\MPLABXPROJECTS\MIDTERM_2023.X\2_B.ASM 81 : Found label after column 1. (end_for1)
Warning[207] C:\USERS\KUANYI\MPLABXPROJECTS\MIDTERM_2023.X\2_B.ASM 86 : Found label after column 1. (for_label2)
Warning[207] C:\USERS\KUANYI\MPLABXPROJECTS\MIDTERM_2023.X\2_B.ASM 96 : Found label after column 1. (if_true2)
Warning[207] C:\USERS\KUANYI\MPLABXPROJECTS\MIDTERM_2023.X\2_B.ASM 101 : Found label after column 1. (end_if2)
Warning[207] C:\USERS\KUANYI\MPLABXPROJECTS\MIDTERM_2023.X\2_B.ASM 108 : Found label after column 1. (end_for2)
Warning[207] C:\USERS\KUANYI\MPLABXPROJECTS\MIDTERM_2023.X\2_B.ASM 113 : Found label after column 1. (end_while)
